#
# A fatal error has been detected by the Java Runtime Environment:
#
#  SIGBUS (0xa) at pc=0x0000000106aeb3f3, pid=37472, tid=28683
#
# JRE version: OpenJDK Runtime Environment JBR-17.0.11+1-1207.24-jcef (17.0.11+1) (build 17.0.11+1-b1207.24)
# Java VM: OpenJDK 64-Bit Server VM JBR-17.0.11+1-1207.24-jcef (17.0.11+1-b1207.24, mixed mode, emulated-client, tiered, compressed oops, compressed class ptrs, g1 gc, bsd-amd64)
# Problematic frame:
# C  [libzip.dylib+0x63f3]  newEntry+0x53
#
# No core dump will be written. Core dumps have been disabled. To enable core dumping, try "ulimit -c unlimited" before starting Java again
#
# If you would like to submit a bug report, please visit:
#   https://youtrack.jetbrains.com/issues/JBR
# The crash happened outside the Java Virtual Machine in native code.
# See problematic frame for where to report the bug.
#

---------------  S U M M A R Y ------------

Command Line: -agentlib:jdwp=transport=dt_socket,address=127.0.0.1:49703,suspend=y,server=n -XX:TieredStopAtLevel=1 -Dspring.output.ansi.enabled=always -Dcom.sun.management.jmxremote -Dspring.jmx.enabled=true -Dspring.liveBeansView.mbeanDomain -Dspring.application.admin.enabled=true -Dmanagement.endpoints.jmx.exposure.include=* -javaagent:/Users/ousmane/Library/Caches/JetBrains/IntelliJIdea2024.1/captureAgent/debugger-agent.jar=file:/private/var/folders/t4/764zh9jd50g21c2kwrdgp27m0000gn/T/capture.props -Dfile.encoding=UTF-8 org.etutoria.order.OrderApplication

Host: "MacBookPro13,3" x86_64 2700 MHz, 8 cores, 16G, Darwin 21.6.0, macOS 12.7.5 (21H1222)
Time: Tue Jun 25 14:22:26 2024 +01 elapsed time: 3.284660 seconds (0d 0h 0m 3s)

---------------  T H R E A D  ---------------

Current thread (0x00007f869201f600):  JavaThread "spring.cloud.inetutils" daemon [_thread_in_native, id=28683, stack(0x00007000056a9000,0x00007000057a9000)]

Stack: [0x00007000056a9000,0x00007000057a9000],  sp=0x00007000057a80d0,  free space=1020k
Native frames: (J=compiled Java code, j=interpreted, Vv=VM code, C=native code)
C  [libzip.dylib+0x63f3]  newEntry+0x53
C  [libzip.dylib+0x629c]  ZIP_GetEntry2+0x1dc
C  [libzip.dylib+0x6d8e]  ZIP_FindEntry+0x2e
V  [libjvm.dylib+0x2f71b8]  ClassPathZipEntry::open_entry(JavaThread*, char const*, int*, bool)+0xa8
V  [libjvm.dylib+0x2f72f0]  ClassPathZipEntry::open_stream(JavaThread*, char const*)+0x20
V  [libjvm.dylib+0x2faf13]  ClassLoader::load_class(Symbol*, bool, JavaThread*)+0x1a3
V  [libjvm.dylib+0xa6e3d7]  SystemDictionary::load_instance_class_impl(Symbol*, Handle, JavaThread*)+0x3e7
V  [libjvm.dylib+0xa6cb95]  SystemDictionary::load_instance_class(unsigned int, Symbol*, Handle, JavaThread*)+0x25
V  [libjvm.dylib+0xa6c108]  SystemDictionary::resolve_instance_class_or_null(Symbol*, Handle, Handle, JavaThread*)+0x528
V  [libjvm.dylib+0xa6b6a4]  SystemDictionary::resolve_or_fail(Symbol*, Handle, Handle, bool, JavaThread*)+0x64
V  [libjvm.dylib+0x35afd7]  ConstantPool::klass_at_impl(constantPoolHandle const&, int, JavaThread*)+0x1a7
V  [libjvm.dylib+0x521c30]  InterpreterRuntime::_new(JavaThread*, ConstantPool*, int)+0x50
j  com.intellij.rt.debugger.agent.CaptureStorage.insertEnter(Ljava/lang/Object;)V+10
j  java.util.concurrent.FutureTask.run()V+1 java.base@17.0.11
j  java.util.concurrent.ThreadPoolExecutor.runWorker(Ljava/util/concurrent/ThreadPoolExecutor$Worker;)V+92 java.base@17.0.11
j  java.util.concurrent.ThreadPoolExecutor$Worker.run()V+5 java.base@17.0.11
j  java.lang.Thread.run()V+11 java.base@17.0.11
v  ~StubRoutines::call_stub
V  [libjvm.dylib+0x52b982]  JavaCalls::call_helper(JavaValue*, methodHandle const&, JavaCallArguments*, JavaThread*)+0x2a2
V  [libjvm.dylib+0x52aac5]  JavaCalls::call_virtual(JavaValue*, Klass*, Symbol*, Symbol*, JavaCallArguments*, JavaThread*)+0xf5
V  [libjvm.dylib+0x52ab83]  JavaCalls::call_virtual(JavaValue*, Handle, Klass*, Symbol*, Symbol*, JavaThread*)+0x63
V  [libjvm.dylib+0x5d6db4]  thread_entry(JavaThread*, JavaThread*)+0xb4
V  [libjvm.dylib+0xab2ba0]  JavaThread::thread_main_inner()+0x150
V  [libjvm.dylib+0xab0ef7]  Thread::call_run()+0xa7
V  [libjvm.dylib+0x8c4e28]  thread_native_entry(Thread*)+0x148
C  [libsystem_pthread.dylib+0x64e1]  _pthread_start+0x7d
C  [libsystem_pthread.dylib+0x1f6b]  thread_start+0xf

Java frames: (J=compiled Java code, j=interpreted, Vv=VM code)
j  com.intellij.rt.debugger.agent.CaptureStorage.insertEnter(Ljava/lang/Object;)V+10
j  java.util.concurrent.FutureTask.run()V+1 java.base@17.0.11
j  java.util.concurrent.ThreadPoolExecutor.runWorker(Ljava/util/concurrent/ThreadPoolExecutor$Worker;)V+92 java.base@17.0.11
j  java.util.concurrent.ThreadPoolExecutor$Worker.run()V+5 java.base@17.0.11
j  java.lang.Thread.run()V+11 java.base@17.0.11
v  ~StubRoutines::call_stub

siginfo: si_signo: 10 (SIGBUS), si_code: 2 (BUS_ADRERR), si_addr: 0x0000000106ac3620

Registers:
RAX=0x000060000026ec60, RBX=0x0000600001438000, RCX=0x000060000026ec60, RDX=0x00000000efe1e7fb
RSP=0x00007000057a80d0, RBP=0x00007000057a8150, RSI=0x00000000000007fb, RDI=0x0000000106a96000
R8 =0x000060000347d301, R9 =0x00007f8692f13fd0, R10=0x000000000000003b, R11=0x00000f868c86d3a0
R12=0x000060000026ec60, R13=0x0000000000000000, R14=0x0000000000000000, R15=0x0000000106ac3604
RIP=0x0000000106aeb3f3, EFLAGS=0x0000000000010202, ERR=0x0000000000000004
  TRAPNO=0x000000000000000e


Register to memory mapping:

RAX=0x000060000026ec60 points into unknown readable memory: 0x0000000000000000 | 00 00 00 00 00 00 00 00
RBX=0x0000600001438000 points into unknown readable memory: 0x000060000052c000 | 00 c0 52 00 00 60 00 00
RCX=0x000060000026ec60 points into unknown readable memory: 0x0000000000000000 | 00 00 00 00 00 00 00 00
RDX=0x00000000efe1e7fb is an unknown value
RSP=0x00007000057a80d0 is pointing into the stack for thread: 0x00007f869201f600
RBP=0x00007000057a8150 is pointing into the stack for thread: 0x00007f869201f600
RSI=0x00000000000007fb is an unknown value
RDI=0x0000000106a96000 points into unknown readable memory: 0x0000000000000000 | 00 00 00 00 00 00 00 00
R8 =0x000060000347d301 points into unknown readable memory: 00 51 3c 2b 00 6f 72
R9 =0x00007f8692f13fd0 points into unknown readable memory: 0x65746e692f6d6f63 | 63 6f 6d 2f 69 6e 74 65
R10=0x000000000000003b is an unknown value
R11=0x00000f868c86d3a0 is an unknown value
R12=0x000060000026ec60 points into unknown readable memory: 0x0000000000000000 | 00 00 00 00 00 00 00 00
R13=0x0 is NULL
R14=0x0 is NULL
R15=0x0000000106ac3604 points into unknown readable memory: 50 4b 01 02


Top of Stack: (sp=0x00007000057a80d0)
0x00007000057a80d0:   00007000057a80f0 00000001081b1723
0x00007000057a80e0:   0000000000000f50 00006000005346c0
0x00007000057a80f0:   00007000057a8130 0000000107ed79ca
0x00007000057a8100:   0000600001438000 00007000057a83b8
0x00007000057a8110:   00007f869201f600 0000000000000000
0x00007000057a8120:   0000000108796654 000000000000002f
0x00007000057a8130:   00000000b1389224 000060000022b430
0x00007000057a8140:   0000000000000a70 00007f8696008200
0x00007000057a8150:   00007000057a81b0 0000000106aeb29c
0x00007000057a8160:   00007000057a8000 00007f8692f13fd0
0x00007000057a8170:   000000000000003b 0000000000000100
0x00007000057a8180:   0000600001438000 00007f8692f13fd0
0x00007000057a8190:   0000600001438000 00007f8692f13fd0
0x00007000057a81a0:   00007000057a8208 00007000057a82dc
0x00007000057a81b0:   00007000057a81e0 0000000106aebd8e
0x00007000057a81c0:   00007f869201f600 00007000057a82dc
0x00007000057a81d0:   0000000000000000 0000600002f38ab0
0x00007000057a81e0:   00007000057a82c0 0000000107ed21b8
0x00007000057a81f0:   0000003000000018 00007000057a8220
0x00007000057a8200:   00007000057a8140 27feb54de9c6005b
0x00007000057a8210:   00007000057a8300 0000000107ed61eb
0x00007000057a8220:   0000000000000000 0000000000000000
0x00007000057a8230:   00007f8692f13f90 0000000000000035
0x00007000057a8240:   0000000000000020 00006000022f1860
0x00007000057a8250:   0000000000000000 0000000000000000
0x00007000057a8260:   0000000000000000 0000000000000000
0x00007000057a8270:   0000000000000000 0000000000000000
0x00007000057a8280:   0000000000000000 0000000000000000
0x00007000057a8290:   27feb54de9c6005b 0000000000000000
0x00007000057a82a0:   0000600002f0b8d0 0000000000000000
0x00007000057a82b0:   0000600002f38ab0 0000600002f38ab0
0x00007000057a82c0:   00007000057a8300 0000000107ed22f0 

Instructions: (pc=0x0000000106aeb3f3)
0x0000000106aeb2f3:   eb 0f 45 31 ed 4c 8b 4d b8 44 8b 75 cc 4c 8b 55
0x0000000106aeb303:   c0 45 84 f6 74 2d 4d 85 ed 75 28 4d 85 d2 0f 8e
0x0000000106aeb313:   a9 fe ff ff 41 8d 42 ff 41 80 3c 01 2f 0f 85 9a
0x0000000106aeb323:   fe ff ff 45 31 ed eb 0b 48 c7 87 98 00 00 00 00
0x0000000106aeb333:   00 00 00 48 8b 7f 50 e8 4f 13 00 00 4c 89 e8 48
0x0000000106aeb343:   83 c4 28 5b 41 5c 41 5d 41 5e 41 5f 5d c3 66 2e
0x0000000106aeb353:   0f 1f 84 00 00 00 00 00 0f 1f 44 00 00 55 48 89
0x0000000106aeb363:   e5 39 ce 75 21 31 c0 66 0f 1f 44 00 00 85 f6 7e
0x0000000106aeb373:   19 83 c6 ff 44 0f b6 04 07 48 8d 48 01 44 3a 04
0x0000000106aeb383:   02 48 89 c8 74 e7 31 c0 eb 02 b0 01 0f b6 c0 5d
0x0000000106aeb393:   c3 66 2e 0f 1f 84 00 00 00 00 00 66 90 55 48 89
0x0000000106aeb3a3:   e5 41 57 41 56 41 55 41 54 53 48 83 ec 58 41 89
0x0000000106aeb3b3:   d5 49 89 f6 48 89 fb bf 48 00 00 00 e8 6c 13 00
0x0000000106aeb3c3:   00 48 85 c0 74 75 49 89 c4 48 c7 00 00 00 00 00
0x0000000106aeb3d3:   0f 57 c0 0f 11 40 28 80 7b 30 00 48 89 5d b0 74
0x0000000106aeb3e3:   62 4c 8b 7b 18 4d 03 7e 08 4c 2b 7b 28 45 89 ee
0x0000000106aeb3f3:   45 0f b7 6f 1c 41 0f b6 47 1e 48 89 45 d0 41 0f
0x0000000106aeb403:   b6 47 1f 48 89 45 a0 41 0f b7 47 20 48 89 45 b8
0x0000000106aeb413:   41 8b 47 0c 49 89 44 24 08 41 8b 47 18 48 89 45
0x0000000106aeb423:   88 49 89 44 24 10 66 41 83 7f 0a 00 0f 84 a7 00
0x0000000106aeb433:   00 00 41 8b 47 14 e9 a0 00 00 00 45 31 e4 e9 ce
0x0000000106aeb443:   02 00 00 4d 8b 76 08 45 85 ed 0f 84 01 02 00 00
0x0000000106aeb453:   4c 8b 7b 38 4d 85 ff 74 4a 48 8b 45 b0 48 8b 40
0x0000000106aeb463:   40 4c 39 f0 7f 3d 48 8d 88 d2 1f 00 00 4c 39 f1
0x0000000106aeb473:   7c 31 4d 01 f7 49 29 c7 48 05 00 20 00 00 41 0f
0x0000000106aeb483:   b7 4f 1c 41 0f b7 57 1e 41 0f b7 77 20 4c 01 f1
0x0000000106aeb493:   48 01 d1 48 01 f1 48 83 c1 2e 48 39 c1 0f 8e c1
0x0000000106aeb4a3:   01 00 00 48 8b 5d b0 48 89 df 4c 89 f6 ba 00 20
0x0000000106aeb4b3:   00 00 e8 46 10 00 00 48 85 c0 0f 84 ad 01 00 00
0x0000000106aeb4c3:   49 89 c7 48 8b 7b 38 e8 25 12 00 00 4c 89 7b 38
0x0000000106aeb4d3:   4c 89 73 40 e9 14 ff ff ff 31 c0 48 89 45 80 49
0x0000000106aeb4e3:   89 44 24 18 41 8b 47 10 41 89 44 24 20 41 8b 5f 


Stack slot to memory mapping:
stack at sp + 0 slots: 0x00007000057a80f0 is pointing into the stack for thread: 0x00007f869201f600
stack at sp + 1 slots: 0x00000001081b1723: jio_vsnprintf+0x13 in /Applications/IntelliJ IDEA.app/Contents/jbr/Contents/Home/lib/server/libjvm.dylib at 0x0000000107bdb000
stack at sp + 2 slots: 0x0000000000000f50 is an unknown value
stack at sp + 3 slots: 0x00006000005346c0 points into unknown readable memory: 0x00000001088f1190 | 90 11 8f 08 01 00 00 00
stack at sp + 4 slots: 0x00007000057a8130 is pointing into the stack for thread: 0x00007f869201f600
stack at sp + 5 slots: 0x0000000107ed79ca: _ZN20FormatStringEventLogILm256EE4logvEP6ThreadPKcP13__va_list_tag+0x9a in /Applications/IntelliJ IDEA.app/Contents/jbr/Contents/Home/lib/server/libjvm.dylib at 0x0000000107bdb000
stack at sp + 6 slots: 0x0000600001438000 points into unknown readable memory: 0x000060000052c000 | 00 c0 52 00 00 60 00 00
stack at sp + 7 slots: 0x00007000057a83b8 is pointing into the stack for thread: 0x00007f869201f600


---------------  P R O C E S S  ---------------

Threads class SMR info:
_java_thread_list=0x000060000203da60, length=19, elements={
0x00007f8692009200, 0x00007f869581c600, 0x00007f8694056800, 0x00007f869581d600,
0x00007f8694056e00, 0x00007f869600f800, 0x00007f8694882800, 0x00007f869501d800,
0x00007f8694057400, 0x00007f869581e400, 0x00007f869581ea00, 0x00007f8696020000,
0x00007f869498b200, 0x00007f869413c200, 0x00007f86951c4000, 0x00007f869300e800,
0x00007f869309f200, 0x00007f86938f0e00, 0x00007f869201f600
}

Java Threads: ( => current thread )
  0x00007f8692009200 JavaThread "main" [_thread_blocked, id=6147, stack(0x0000700003543000,0x0000700003643000)]
  0x00007f869581c600 JavaThread "Reference Handler" daemon [_thread_blocked, id=16131, stack(0x0000700003c58000,0x0000700003d58000)]
  0x00007f8694056800 JavaThread "Finalizer" daemon [_thread_blocked, id=14851, stack(0x0000700003d5b000,0x0000700003e5b000)]
  0x00007f869581d600 JavaThread "Signal Dispatcher" daemon [_thread_blocked, id=41987, stack(0x0000700003f64000,0x0000700004064000)]
  0x00007f8694056e00 JavaThread "Service Thread" daemon [_thread_blocked, id=22787, stack(0x0000700004067000,0x0000700004167000)]
  0x00007f869600f800 JavaThread "Monitor Deflation Thread" daemon [_thread_blocked, id=41475, stack(0x000070000416a000,0x000070000426a000)]
  0x00007f8694882800 JavaThread "C1 CompilerThread0" daemon [_thread_blocked, id=23299, stack(0x000070000426d000,0x000070000436d000)]
  0x00007f869501d800 JavaThread "Sweeper thread" daemon [_thread_blocked, id=23555, stack(0x0000700004370000,0x0000700004470000)]
  0x00007f8694057400 JavaThread "Common-Cleaner" daemon [_thread_blocked, id=24067, stack(0x0000700004473000,0x0000700004573000)]
  0x00007f869581e400 JavaThread "JDWP Transport Listener: dt_socket" daemon [_thread_blocked, id=24583, stack(0x0000700004576000,0x0000700004676000)]
  0x00007f869581ea00 JavaThread "JDWP Event Helper Thread" daemon [_thread_blocked, id=25091, stack(0x0000700004679000,0x0000700004779000)]
  0x00007f8696020000 JavaThread "JDWP Command Reader" daemon [_thread_in_native, id=40963, stack(0x000070000477c000,0x000070000487c000)]
  0x00007f869498b200 JavaThread "Notification Thread" daemon [_thread_blocked, id=25603, stack(0x000070000487f000,0x000070000497f000)]
  0x00007f869413c200 JavaThread "RMI TCP Accept-0" daemon [_thread_in_native, id=25859, stack(0x0000700004982000,0x0000700004a82000)]
  0x00007f86951c4000 JavaThread "Attach Listener" daemon [_thread_blocked, id=37891, stack(0x000070000519a000,0x000070000529a000)]
  0x00007f869300e800 JavaThread "RMI TCP Connection(1)-127.0.0.1" daemon [_thread_in_native, id=37123, stack(0x00007000053a0000,0x00007000054a0000)]
  0x00007f869309f200 JavaThread "RMI Scheduler(0)" daemon [_thread_blocked, id=27907, stack(0x00007000054a3000,0x00007000055a3000)]
  0x00007f86938f0e00 JavaThread "Keep-Alive-Timer" daemon [_thread_blocked, id=29187, stack(0x00007000057ac000,0x00007000058ac000)]
=>0x00007f869201f600 JavaThread "spring.cloud.inetutils" daemon [_thread_in_native, id=28683, stack(0x00007000056a9000,0x00007000057a9000)]

Other Threads:
  0x00007f8692b07350 VMThread "VM Thread" [stack: 0x0000700003b55000,0x0000700003c55000] [id=16643]
  0x00007f8692b13de0 WatcherThread [stack: 0x000070000529d000,0x000070000539d000] [id=27651]
  0x00007f8692b04550 GCTaskThread "GC Thread#0" [stack: 0x0000700003646000,0x0000700003746000] [id=19715]
  0x00007f8691f0d840 GCTaskThread "GC Thread#1" [stack: 0x0000700004a85000,0x0000700004b85000] [id=26115]
  0x00007f8691f0daf0 GCTaskThread "GC Thread#2" [stack: 0x0000700004b88000,0x0000700004c88000] [id=26371]
  0x00007f8692f10180 GCTaskThread "GC Thread#3" [stack: 0x0000700004c8b000,0x0000700004d8b000] [id=39683]
  0x00007f8692f10dd0 GCTaskThread "GC Thread#4" [stack: 0x0000700004d8e000,0x0000700004e8e000] [id=39427]
  0x00007f8692f11640 GCTaskThread "GC Thread#5" [stack: 0x0000700004e91000,0x0000700004f91000] [id=39171]
  0x00007f8691f0e700 GCTaskThread "GC Thread#6" [stack: 0x0000700004f94000,0x0000700005094000] [id=38659]
  0x00007f8692811440 GCTaskThread "GC Thread#7" [stack: 0x0000700005097000,0x0000700005197000] [id=38147]
  0x00007f8692e04470 ConcurrentGCThread "G1 Main Marker" [stack: 0x0000700003749000,0x0000700003849000] [id=19459]
  0x00007f8691f05210 ConcurrentGCThread "G1 Conc#0" [stack: 0x000070000384c000,0x000070000394c000] [id=12803]
  0x00007f8692f19100 ConcurrentGCThread "G1 Conc#1" [stack: 0x00007000055a6000,0x00007000056a6000] [id=28171]
  0x00007f8692d04240 ConcurrentGCThread "G1 Refine#0" [stack: 0x000070000394f000,0x0000700003a4f000] [id=13315]
  0x00007f8692804bd0 ConcurrentGCThread "G1 Service" [stack: 0x0000700003a52000,0x0000700003b52000] [id=18435]

Threads with active compile tasks:

VM state: not at safepoint (normal execution)

VM Mutex/Monitor currently owned by a thread: None

Heap address: 0x0000000700000000, size: 4096 MB, Compressed Oops mode: Zero based, Oop shift amount: 3

CDS archive(s) not mapped
Compressed class space mapped at: 0x0000000800000000-0x0000000840000000, reserved size: 1073741824
Narrow klass base: 0x0000000800000000, Narrow klass shift: 0, Narrow klass range: 0x40000000

GC Precious Log:
 CPUs: 8 total, 8 available
 Memory: 16384M
 Large Page Support: Disabled
 NUMA Support: Disabled
 Compressed Oops: Enabled (Zero based)
 Heap Region Size: 2M
 Heap Min Capacity: 8M
 Heap Initial Capacity: 256M
 Heap Max Capacity: 4G
 Pre-touch: Disabled
 Parallel Workers: 8
 Concurrent Workers: 2
 Concurrent Refinement Workers: 8
 Periodic GC: Disabled

Heap:
 garbage-first heap   total 55296K, used 23851K [0x0000000700000000, 0x0000000800000000)
  region size 2048K, 7 young (14336K), 1 survivors (2048K)
 Metaspace       used 28650K, committed 28992K, reserved 1114112K
  class space    used 3422K, committed 3584K, reserved 1048576K

Heap Regions: E=young(eden), S=young(survivor), O=old, HS=humongous(starts), HC=humongous(continues), CS=collection set, F=free, OA=open archive, CA=closed archive, TAMS=top-at-mark-start (previous, next)
|   0|0x0000000700000000, 0x0000000700200000, 0x0000000700200000|100%| O|  |TAMS 0x0000000700200000, 0x0000000700000000| Untracked 
|   1|0x0000000700200000, 0x0000000700400000, 0x0000000700400000|100%| O|  |TAMS 0x0000000700400000, 0x0000000700200000| Untracked 
|   2|0x0000000700400000, 0x0000000700600000, 0x0000000700600000|100%| O|  |TAMS 0x0000000700600000, 0x0000000700400000| Untracked 
|   3|0x0000000700600000, 0x0000000700800000, 0x0000000700800000|100%| O|  |TAMS 0x0000000700800000, 0x0000000700600000| Untracked 
|   4|0x0000000700800000, 0x0000000700800000, 0x0000000700a00000|  0%| F|  |TAMS 0x0000000700800000, 0x0000000700800000| Untracked 
|   5|0x0000000700a00000, 0x0000000700c00000, 0x0000000700c00000|100%| O|  |TAMS 0x0000000700a00000, 0x0000000700a00000| Untracked 
|   6|0x0000000700c00000, 0x0000000700e00000, 0x0000000700e00000|100%| O|  |TAMS 0x0000000700c00000, 0x0000000700c00000| Untracked 
|   7|0x0000000700e00000, 0x0000000700edf800, 0x0000000701000000| 43%| O|  |TAMS 0x0000000700e00000, 0x0000000700e00000| Untracked 
|   8|0x0000000701000000, 0x0000000701000000, 0x0000000701200000|  0%| F|  |TAMS 0x0000000701000000, 0x0000000701000000| Untracked 
|   9|0x0000000701200000, 0x0000000701200000, 0x0000000701400000|  0%| F|  |TAMS 0x0000000701200000, 0x0000000701200000| Untracked 
|  10|0x0000000701400000, 0x0000000701400000, 0x0000000701600000|  0%| F|  |TAMS 0x0000000701400000, 0x0000000701400000| Untracked 
|  11|0x0000000701600000, 0x0000000701600000, 0x0000000701800000|  0%| F|  |TAMS 0x0000000701600000, 0x0000000701600000| Untracked 
|  12|0x0000000701800000, 0x0000000701800000, 0x0000000701a00000|  0%| F|  |TAMS 0x0000000701800000, 0x0000000701800000| Untracked 
|  13|0x0000000701a00000, 0x0000000701a00000, 0x0000000701c00000|  0%| F|  |TAMS 0x0000000701a00000, 0x0000000701a00000| Untracked 
|  14|0x0000000701c00000, 0x0000000701c00000, 0x0000000701e00000|  0%| F|  |TAMS 0x0000000701c00000, 0x0000000701c00000| Untracked 
|  15|0x0000000701e00000, 0x0000000701e00000, 0x0000000702000000|  0%| F|  |TAMS 0x0000000701e00000, 0x0000000701e00000| Untracked 
|  16|0x0000000702000000, 0x0000000702000000, 0x0000000702200000|  0%| F|  |TAMS 0x0000000702000000, 0x0000000702000000| Untracked 
|  17|0x0000000702200000, 0x0000000702200000, 0x0000000702400000|  0%| F|  |TAMS 0x0000000702200000, 0x0000000702200000| Untracked 
|  18|0x0000000702400000, 0x0000000702400000, 0x0000000702600000|  0%| F|  |TAMS 0x0000000702400000, 0x0000000702400000| Untracked 
|  19|0x0000000702600000, 0x0000000702600000, 0x0000000702800000|  0%| F|  |TAMS 0x0000000702600000, 0x0000000702600000| Untracked 
|  20|0x0000000702800000, 0x00000007029aff68, 0x0000000702a00000| 84%| E|  |TAMS 0x0000000702800000, 0x0000000702800000| Complete 
|  21|0x0000000702a00000, 0x0000000702c00000, 0x0000000702c00000|100%| E|CS|TAMS 0x0000000702a00000, 0x0000000702a00000| Complete 
|  22|0x0000000702c00000, 0x0000000702e00000, 0x0000000702e00000|100%| E|CS|TAMS 0x0000000702c00000, 0x0000000702c00000| Complete 
|  23|0x0000000702e00000, 0x0000000703000000, 0x0000000703000000|100%| E|CS|TAMS 0x0000000702e00000, 0x0000000702e00000| Complete 
| 117|0x000000070ea00000, 0x000000070ec00000, 0x000000070ec00000|100%| E|CS|TAMS 0x000000070ea00000, 0x000000070ea00000| Complete 
| 118|0x000000070ec00000, 0x000000070ec6b7f0, 0x000000070ee00000| 20%| S|CS|TAMS 0x000000070ec00000, 0x000000070ec00000| Complete 
| 127|0x000000070fe00000, 0x0000000710000000, 0x0000000710000000|100%| E|CS|TAMS 0x000000070fe00000, 0x000000070fe00000| Complete 

Card table byte_map: [0x000000010c4cb000,0x000000010cccb000] _byte_map_base: 0x0000000108ccb000

Marking Bits (Prev, Next): (CMBitMap*) 0x00007f869580be50, (CMBitMap*) 0x00007f869580be10
 Prev Bits: [0x0000000115260000, 0x0000000119260000)
 Next Bits: [0x0000000111260000, 0x0000000115260000)

Polling page: 0x0000000106a9f000

Metaspace:

Usage:
  Non-class:     24.64 MB used.
      Class:      3.34 MB used.
       Both:     27.98 MB used.

Virtual space:
  Non-class space:       64.00 MB reserved,      24.81 MB ( 39%) committed,  1 nodes.
      Class space:        1.00 GB reserved,       3.50 MB ( <1%) committed,  1 nodes.
             Both:        1.06 GB reserved,      28.31 MB (  3%) committed. 

Chunk freelists:
   Non-Class:  6.92 MB
       Class:  12.42 MB
        Both:  19.34 MB

MaxMetaspaceSize: unlimited
CompressedClassSpaceSize: 1.00 GB
Initial GC threshold: 21.00 MB
Current GC threshold: 35.12 MB
CDS: off
MetaspaceReclaimPolicy: balanced
 - commit_granule_bytes: 65536.
 - commit_granule_words: 8192.
 - virtual_space_node_default_size: 8388608.
 - enlarge_chunks_in_place: 1.
 - new_chunks_are_fully_committed: 0.
 - uncommit_free_chunks: 1.
 - use_allocation_guard: 0.
 - handle_deallocations: 1.


Internal statistics:

num_allocs_failed_limit: 3.
num_arena_births: 304.
num_arena_deaths: 0.
num_vsnodes_births: 2.
num_vsnodes_deaths: 0.
num_space_committed: 453.
num_space_uncommitted: 0.
num_chunks_returned_to_freelist: 3.
num_chunks_taken_from_freelist: 887.
num_chunk_merges: 3.
num_chunk_splits: 591.
num_chunks_enlarged: 438.
num_inconsistent_stats: 0.

CodeCache: size=49152Kb used=4725Kb max_used=4725Kb free=44426Kb
 bounds [0x000000010e260000, 0x000000010e700000, 0x0000000111260000]
 total_blobs=2750 nmethods=2245 adapters=433
 compilation: enabled
              stopped_count=0, restarted_count=0
 full_count=0

Compilation events (20 events):
Event: 3.264 Thread 0x00007f8694882800 2235       1       org.springframework.boot.context.properties.source.SpringConfigurationPropertySource::getUnderlyingSource (5 bytes)
Event: 3.264 Thread 0x00007f8694882800 nmethod 2235 0x000000010e6f9e10 code [0x000000010e6f9fa0, 0x000000010e6fa070]
Event: 3.264 Thread 0x00007f8694882800 2241       1       java.util.concurrent.CopyOnWriteArrayList$COWIterator::next (32 bytes)
Event: 3.265 Thread 0x00007f8694882800 nmethod 2241 0x000000010e6fa110 code [0x000000010e6fa2c0, 0x000000010e6fa480]
Event: 3.265 Thread 0x00007f8694882800 2234       1       org.springframework.boot.context.properties.bind.Bindable::box (60 bytes)
Event: 3.265 Thread 0x00007f8694882800 nmethod 2234 0x000000010e6fa590 code [0x000000010e6fa7c0, 0x000000010e6fac80]
Event: 3.265 Thread 0x00007f8694882800 2236   !   1       org.springframework.boot.context.properties.bind.Binder::bind (74 bytes)
Event: 3.266 Thread 0x00007f8694882800 nmethod 2236 0x000000010e6fb010 code [0x000000010e6fb200, 0x000000010e6fb4c0]
Event: 3.266 Thread 0x00007f8694882800 2243       1       org.springframework.boot.context.properties.source.SpringConfigurationPropertySources$SourcesIterator::hasNext (13 bytes)
Event: 3.266 Thread 0x00007f8694882800 nmethod 2243 0x000000010e6fb690 code [0x000000010e6fb820, 0x000000010e6fb920]
Event: 3.266 Thread 0x00007f8694882800 2237       1       org.springframework.boot.context.properties.bind.BindHandler::onStart (2 bytes)
Event: 3.266 Thread 0x00007f8694882800 nmethod 2237 0x000000010e6fb990 code [0x000000010e6fbb20, 0x000000010e6fbbf0]
Event: 3.266 Thread 0x00007f8694882800 2238   !   1       org.springframework.boot.context.properties.bind.Binder::bindObject (117 bytes)
Event: 3.267 Thread 0x00007f8694882800 nmethod 2238 0x000000010e6fbc90 code [0x000000010e6fbf00, 0x000000010e6fc4d0]
Event: 3.267 Thread 0x00007f8694882800 2242       1       java.util.ArrayDeque::<init> (35 bytes)
Event: 3.268 Thread 0x00007f8694882800 nmethod 2242 0x000000010e6fca10 code [0x000000010e6fcba0, 0x000000010e6fcd90]
Event: 3.274 Thread 0x00007f8694882800 2244       1       java.lang.Object::<init> (1 bytes)
Event: 3.274 Thread 0x00007f8694882800 nmethod 2244 0x000000010e6fce90 code [0x000000010e6fd020, 0x000000010e6fd0f0]
Event: 3.277 Thread 0x00007f8694882800 2245       1       java.util.concurrent.locks.ReentrantLock$NonfairSync::initialTryLock (58 bytes)
Event: 3.277 Thread 0x00007f8694882800 nmethod 2245 0x000000010e6fd190 code [0x000000010e6fd360, 0x000000010e6fd600]

GC Heap History (10 events):
Event: 1.419 GC heap before
{Heap before GC invocations=0 (full 0):
 garbage-first heap   total 262144K, used 22528K [0x0000000700000000, 0x0000000800000000)
  region size 2048K, 11 young (22528K), 0 survivors (0K)
 Metaspace       used 13753K, committed 13888K, reserved 1114112K
  class space    used 1440K, committed 1536K, reserved 1048576K
}
Event: 1.427 GC heap after
{Heap after GC invocations=1 (full 0):
 garbage-first heap   total 262144K, used 9868K [0x0000000700000000, 0x0000000800000000)
  region size 2048K, 2 young (4096K), 2 survivors (4096K)
 Metaspace       used 13753K, committed 13888K, reserved 1114112K
  class space    used 1440K, committed 1536K, reserved 1048576K
}
Event: 1.852 GC heap before
{Heap before GC invocations=1 (full 0):
 garbage-first heap   total 262144K, used 26252K [0x0000000700000000, 0x0000000800000000)
  region size 2048K, 10 young (20480K), 2 survivors (4096K)
 Metaspace       used 18190K, committed 18496K, reserved 1114112K
  class space    used 2017K, committed 2176K, reserved 1048576K
}
Event: 1.855 GC heap after
{Heap after GC invocations=2 (full 0):
 garbage-first heap   total 262144K, used 11184K [0x0000000700000000, 0x0000000800000000)
  region size 2048K, 1 young (2048K), 1 survivors (2048K)
 Metaspace       used 18190K, committed 18496K, reserved 1114112K
  class space    used 2017K, committed 2176K, reserved 1048576K
}
Event: 2.297 GC heap before
{Heap before GC invocations=2 (full 0):
 garbage-first heap   total 262144K, used 25520K [0x0000000700000000, 0x0000000800000000)
  region size 2048K, 9 young (18432K), 1 survivors (2048K)
 Metaspace       used 21217K, committed 21504K, reserved 1114112K
  class space    used 2488K, committed 2624K, reserved 1048576K
}
Event: 2.300 GC heap after
{Heap after GC invocations=3 (full 0):
 garbage-first heap   total 262144K, used 12261K [0x0000000700000000, 0x0000000800000000)
  region size 2048K, 2 young (4096K), 2 survivors (4096K)
 Metaspace       used 21217K, committed 21504K, reserved 1114112K
  class space    used 2488K, committed 2624K, reserved 1048576K
}
Event: 2.896 GC heap before
{Heap before GC invocations=4 (full 0):
 garbage-first heap   total 55296K, used 36837K [0x0000000700000000, 0x0000000800000000)
  region size 2048K, 15 young (30720K), 2 survivors (4096K)
 Metaspace       used 26262K, committed 26496K, reserved 1114112K
  class space    used 3093K, committed 3200K, reserved 1048576K
}
Event: 2.905 GC heap after
{Heap after GC invocations=5 (full 0):
 garbage-first heap   total 55296K, used 13520K [0x0000000700000000, 0x0000000800000000)
  region size 2048K, 2 young (4096K), 2 survivors (4096K)
 Metaspace       used 26262K, committed 26496K, reserved 1114112K
  class space    used 3093K, committed 3200K, reserved 1048576K
}
Event: 2.955 GC heap before
{Heap before GC invocations=5 (full 0):
 garbage-first heap   total 55296K, used 13520K [0x0000000700000000, 0x0000000800000000)
  region size 2048K, 3 young (6144K), 2 survivors (4096K)
 Metaspace       used 26713K, committed 26944K, reserved 1114112K
  class space    used 3168K, committed 3264K, reserved 1048576K
}
Event: 2.974 GC heap after
{Heap after GC invocations=6 (full 0):
 garbage-first heap   total 55296K, used 13611K [0x0000000700000000, 0x0000000800000000)
  region size 2048K, 1 young (2048K), 1 survivors (2048K)
 Metaspace       used 26713K, committed 26944K, reserved 1114112K
  class space    used 3168K, committed 3264K, reserved 1048576K
}

Dll operation events (10 events):
Event: 0.011 Loaded shared library /Applications/IntelliJ IDEA.app/Contents/jbr/Contents/Home/lib/libjava.dylib
Event: 0.012 Loaded shared library /Applications/IntelliJ IDEA.app/Contents/jbr/Contents/Home/lib/libzip.dylib
Event: 0.311 Loaded shared library /Applications/IntelliJ IDEA.app/Contents/jbr/Contents/Home/lib/libinstrument.dylib
Event: 0.332 Loaded shared library /Applications/IntelliJ IDEA.app/Contents/jbr/Contents/Home/lib/libnio.dylib
Event: 0.346 Loaded shared library /Applications/IntelliJ IDEA.app/Contents/jbr/Contents/Home/lib/libzip.dylib
Event: 0.598 Loaded shared library /Applications/IntelliJ IDEA.app/Contents/jbr/Contents/Home/lib/libjimage.dylib
Event: 0.682 Loaded shared library /Applications/IntelliJ IDEA.app/Contents/jbr/Contents/Home/lib/libnet.dylib
Event: 1.046 Loaded shared library /Applications/IntelliJ IDEA.app/Contents/jbr/Contents/Home/lib/libmanagement.dylib
Event: 1.085 Loaded shared library /Applications/IntelliJ IDEA.app/Contents/jbr/Contents/Home/lib/libmanagement_ext.dylib
Event: 1.403 Loaded shared library /Applications/IntelliJ IDEA.app/Contents/jbr/Contents/Home/lib/libextnet.dylib

Deoptimization events (20 events):
Event: 2.465 Thread 0x00007f8692009200 DEOPT PACKING pc=0x000000010e50e6e4 sp=0x0000700003640830
Event: 2.465 Thread 0x00007f8692009200 DEOPT UNPACKING pc=0x000000010e2b6e2f sp=0x000070000363fce8 mode 1
Event: 2.465 Thread 0x00007f8692009200 DEOPT PACKING pc=0x000000010e50e19c sp=0x0000700003640900
Event: 2.465 Thread 0x00007f8692009200 DEOPT UNPACKING pc=0x000000010e2b6e2f sp=0x000070000363fdd8 mode 1
Event: 2.465 Thread 0x00007f8692009200 DEOPT PACKING pc=0x000000010e4da174 sp=0x0000700003641010
Event: 2.465 Thread 0x00007f8692009200 DEOPT UNPACKING pc=0x000000010e2b6e2f sp=0x0000700003640520 mode 1
Event: 2.465 Thread 0x00007f8692009200 DEOPT PACKING pc=0x000000010e50e6e4 sp=0x0000700003640830
Event: 2.465 Thread 0x00007f8692009200 DEOPT UNPACKING pc=0x000000010e2b6e2f sp=0x000070000363fce8 mode 1
Event: 2.465 Thread 0x00007f8692009200 DEOPT PACKING pc=0x000000010e50e19c sp=0x0000700003640900
Event: 2.465 Thread 0x00007f8692009200 DEOPT UNPACKING pc=0x000000010e2b6e2f sp=0x000070000363fdd8 mode 1
Event: 2.465 Thread 0x00007f8692009200 DEOPT PACKING pc=0x000000010e4da174 sp=0x0000700003641010
Event: 2.465 Thread 0x00007f8692009200 DEOPT UNPACKING pc=0x000000010e2b6e2f sp=0x0000700003640520 mode 1
Event: 2.501 Thread 0x00007f8692009200 DEOPT PACKING pc=0x000000010e50e6e4 sp=0x0000700003640580
Event: 2.501 Thread 0x00007f8692009200 DEOPT UNPACKING pc=0x000000010e2b6e2f sp=0x000070000363fa38 mode 1
Event: 2.501 Thread 0x00007f8692009200 DEOPT PACKING pc=0x000000010e50e19c sp=0x0000700003640650
Event: 2.501 Thread 0x00007f8692009200 DEOPT UNPACKING pc=0x000000010e2b6e2f sp=0x000070000363fb28 mode 1
Event: 2.501 Thread 0x00007f8692009200 DEOPT PACKING pc=0x000000010e4da174 sp=0x0000700003640d60
Event: 2.501 Thread 0x00007f8692009200 DEOPT UNPACKING pc=0x000000010e2b6e2f sp=0x0000700003640270 mode 1
Event: 2.932 Thread 0x00007f8692009200 DEOPT PACKING pc=0x000000010e3eb53c sp=0x00007000036414f0
Event: 2.932 Thread 0x00007f8692009200 DEOPT UNPACKING pc=0x000000010e2b6e2f sp=0x0000700003640a08 mode 0

Classes unloaded (0 events):
No events

Classes redefined (0 events):
No events

Internal exceptions (20 events):
Event: 2.123 Thread 0x00007f8692009200 Exception <a 'java/lang/NoSuchMethodError'{0x000000070f778c38}: 'void java.lang.invoke.DirectMethodHandle$Holder.invokeSpecial(java.lang.Object, java.lang.Object, java.lang.Object, java.lang.Object, java.lang.Object)'> (0x000000070f778c38) 
thrown [src/hotspot/share/interpreter/linkResolver.cpp, line 771]
Event: 2.180 Thread 0x00007f869300e800 Exception <a 'java/lang/reflect/InvocationTargetException'{0x000000070f5e93c0}> (0x000000070f5e93c0) 
thrown [src/hotspot/share/runtime/reflection.cpp, line 1127]
Event: 2.207 Thread 0x00007f8692009200 Exception <a 'java/lang/NoSuchMethodError'{0x000000070f24a5a8}: 'void java.lang.invoke.DirectMethodHandle$Holder.invokeSpecial(java.lang.Object, java.lang.Object, java.lang.Object, java.lang.Object, java.lang.Object, java.lang.Object)'> (0x000000070f24a5a8) 
thrown [src/hotspot/share/interpreter/linkResolver.cpp, line 771]
Event: 2.275 Thread 0x00007f8692009200 Exception <a 'java/lang/NoSuchMethodError'{0x000000070f034508}: 'java.lang.Object java.lang.invoke.DirectMethodHandle$Holder.invokeSpecial(java.lang.Object, java.lang.Object, java.lang.Object, int, java.lang.Object)'> (0x000000070f034508) 
thrown [src/hotspot/share/interpreter/linkResolver.cpp, line 771]
Event: 2.277 Thread 0x00007f8692009200 Exception <a 'java/lang/NoSuchMethodError'{0x000000070f03ca70}: 'java.lang.Object java.lang.invoke.DirectMethodHandle$Holder.newInvokeSpecial(java.lang.Object, java.lang.Object, java.lang.Object, int, java.lang.Object)'> (0x000000070f03ca70) 
thrown [src/hotspot/share/interpreter/linkResolver.cpp, line 771]
Event: 2.279 Thread 0x00007f8692009200 Exception <a 'java/lang/NoSuchMethodError'{0x000000070f04f558}: 'java.lang.Object java.lang.invoke.DirectMethodHandle$Holder.newInvokeSpecial(java.lang.Object, int, java.lang.Object)'> (0x000000070f04f558) 
thrown [src/hotspot/share/interpreter/linkResolver.cpp, line 771]
Event: 2.280 Thread 0x00007f8692009200 Exception <a 'java/lang/NoSuchMethodError'{0x000000070f053528}: 'int java.lang.invoke.DirectMethodHandle$Holder.invokeSpecialIFC(java.lang.Object, java.lang.Object, java.lang.Object, java.lang.Object)'> (0x000000070f053528) 
thrown [src/hotspot/share/interpreter/linkResolver.cpp, line 771]
Event: 2.291 Thread 0x00007f8692009200 Exception <a 'java/lang/NoSuchMethodError'{0x000000070f0ab480}: 'java.lang.Object java.lang.invoke.DirectMethodHandle$Holder.invokeStatic(java.lang.Object, java.lang.Object, int)'> (0x000000070f0ab480) 
thrown [src/hotspot/share/interpreter/linkResolver.cpp, line 771]
Event: 2.294 Thread 0x00007f8692009200 Exception <a 'java/lang/NoSuchMethodError'{0x000000070f0b6f18}: 'void java.lang.invoke.DelegatingMethodHandle$Holder.delegate(java.lang.Object, java.lang.Object, int, java.lang.Object)'> (0x000000070f0b6f18) 
thrown [src/hotspot/share/interpreter/linkResolver.cpp, line 771]
Event: 2.405 Thread 0x00007f8692009200 Exception <a 'java/lang/NoSuchMethodError'{0x0000000702fc1968}: 'java.lang.Object java.lang.invoke.DirectMethodHandle$Holder.invokeVirtual(java.lang.Object, java.lang.Object, java.lang.Object, java.lang.Object)'> (0x0000000702fc1968) 
thrown [src/hotspot/share/interpreter/linkResolver.cpp, line 771]
Event: 2.687 Thread 0x00007f869300e800 Exception <a 'java/lang/reflect/InvocationTargetException'{0x0000000702009740}> (0x0000000702009740) 
thrown [src/hotspot/share/runtime/reflection.cpp, line 1127]
Event: 2.882 Thread 0x00007f8692009200 Exception <a 'java/lang/NoSuchMethodError'{0x00000007019d67e8}: 'long java.lang.invoke.DirectMethodHandle$Holder.invokeSpecial(java.lang.Object, java.lang.Object)'> (0x00000007019d67e8) 
thrown [src/hotspot/share/interpreter/linkResolver.cpp, line 771]
Event: 2.889 Thread 0x00007f8692009200 Exception <a 'java/lang/NoSuchMethodError'{0x00000007019e1d50}: 'long java.lang.invoke.DirectMethodHandle$Holder.invokeStatic(java.lang.Object, java.lang.Object)'> (0x00000007019e1d50) 
thrown [src/hotspot/share/interpreter/linkResolver.cpp, line 771]
Event: 2.890 Thread 0x00007f8692009200 Exception <a 'java/lang/NoSuchMethodError'{0x00000007019e55f8}: 'long java.lang.invoke.DirectMethodHandle$Holder.invokeStaticInit(java.lang.Object, java.lang.Object)'> (0x00000007019e55f8) 
thrown [src/hotspot/share/interpreter/linkResolver.cpp, line 771]
Event: 2.894 Thread 0x00007f8692009200 Exception <a 'java/lang/NoSuchMethodError'{0x00000007019f3448}: 'long java.lang.invoke.DirectMethodHandle$Holder.invokeInterface(java.lang.Object, java.lang.Object)'> (0x00000007019f3448) 
thrown [src/hotspot/share/interpreter/linkResolver.cpp, line 771]
Event: 2.895 Thread 0x00007f8692009200 Exception <a 'java/lang/IncompatibleClassChangeError'{0x00000007019f6c80}: Found class java.lang.Object, but interface was expected> (0x00000007019f6c80) 
thrown [src/hotspot/share/interpreter/linkResolver.cpp, line 838]
Event: 2.930 Thread 0x00007f8692009200 Exception <a 'java/lang/NoSuchMethodError'{0x000000070feffd10}: 'void java.lang.invoke.DirectMethodHandle$Holder.invokeVirtual(java.lang.Object, java.lang.Object, java.lang.Object, java.lang.Object)'> (0x000000070feffd10) 
thrown [src/hotspot/share/interpreter/linkResolver.cpp, line 771]
Event: 3.115 Thread 0x00007f8692009200 Exception <a 'java/lang/NoSuchMethodError'{0x0000000702eeffc0}: 'int java.lang.invoke.DirectMethodHandle$Holder.invokeVirtual(java.lang.Object, java.lang.Object, java.lang.Object)'> (0x0000000702eeffc0) 
thrown [src/hotspot/share/interpreter/linkResolver.cpp, line 771]
Event: 3.193 Thread 0x00007f869300e800 Exception <a 'java/lang/reflect/InvocationTargetException'{0x0000000702d28670}> (0x0000000702d28670) 
thrown [src/hotspot/share/runtime/reflection.cpp, line 1127]
Event: 3.217 Thread 0x00007f8692009200 Exception <a 'java/lang/NoSuchMethodError'{0x0000000702dfdb30}: 'void java.lang.invoke.DirectMethodHandle$Holder.invokeInterface(java.lang.Object, java.lang.Object, java.lang.Object)'> (0x0000000702dfdb30) 
thrown [src/hotspot/share/interpreter/linkResolver.cpp, line 771]

VM Operations (20 events):
Event: 2.454 Executing VM operation: HandshakeAllThreads
Event: 2.454 Executing VM operation: HandshakeAllThreads done
Event: 2.455 Executing VM operation: HandshakeAllThreads
Event: 2.455 Executing VM operation: HandshakeAllThreads done
Event: 2.649 Executing VM operation: HandshakeAllThreads
Event: 2.649 Executing VM operation: HandshakeAllThreads done
Event: 2.896 Executing VM operation: G1CollectForAllocation
Event: 2.905 Executing VM operation: G1CollectForAllocation done
Event: 2.932 Executing VM operation: HandshakeAllThreads
Event: 2.932 Executing VM operation: HandshakeAllThreads done
Event: 2.933 Executing VM operation: HandshakeAllThreads
Event: 2.933 Executing VM operation: HandshakeAllThreads done
Event: 2.955 Executing VM operation: G1CollectForAllocation
Event: 2.974 Executing VM operation: G1CollectForAllocation done
Event: 3.035 Executing VM operation: HandshakeAllThreads
Event: 3.035 Executing VM operation: HandshakeAllThreads done
Event: 3.195 Executing VM operation: HandshakeAllThreads
Event: 3.195 Executing VM operation: HandshakeAllThreads done
Event: 3.266 Executing VM operation: HandshakeAllThreads
Event: 3.266 Executing VM operation: HandshakeAllThreads done

Events (20 events):
Event: 3.260 loading class org/springframework/cloud/commons/util/InetUtilsProperties done
Event: 3.261 loading class org/springframework/boot/context/properties/bind/Bindable
Event: 3.261 loading class org/springframework/boot/context/properties/bind/Bindable done
Event: 3.265 loading class org/springframework/cloud/commons/util/InetUtils
Event: 3.265 loading class org/springframework/cloud/commons/util/InetUtils done
Event: 3.266 loading class java/util/concurrent/Executors$FinalizableDelegatedExecutorService
Event: 3.266 loading class java/util/concurrent/Executors$DelegatedExecutorService
Event: 3.266 loading class java/util/concurrent/Executors$DelegatedExecutorService done
Event: 3.266 loading class java/util/concurrent/Executors$FinalizableDelegatedExecutorService done
Event: 3.267 loading class java/net/InterfaceAddress
Event: 3.267 loading class java/net/InterfaceAddress done
Event: 3.267 loading class java/net/DefaultInterface
Event: 3.268 loading class java/net/DefaultInterface done
Event: 3.270 loading class java/net/NetworkInterface$1
Event: 3.270 loading class java/net/NetworkInterface$1 done
Event: 3.275 loading class org/springframework/cloud/commons/util/InetUtils$HostInfo
Event: 3.275 loading class org/springframework/cloud/commons/util/InetUtils$HostInfo done
Event: 3.277 Thread 0x00007f869201f600 Thread added: 0x00007f869201f600
Event: 3.277 Protecting memory [0x00007000056a9000,0x00007000056ad000] with protection modes 0
Event: 3.277 loading class com/intellij/rt/debugger/agent/CaptureStorage$HardKey


Dynamic libraries:
0x0000000106a7d000 	/Applications/IntelliJ IDEA.app/Contents/jbr/Contents/Home/lib/libjli.dylib
0x00007ff823193000 	/usr/lib/libz.1.dylib
0x00007ff823273000 	/usr/lib/libSystem.B.dylib
0x00007ff82326e000 	/usr/lib/system/libcache.dylib
0x00007ff82322a000 	/usr/lib/system/libcommonCrypto.dylib
0x00007ff823253000 	/usr/lib/system/libcompiler_rt.dylib
0x00007ff823249000 	/usr/lib/system/libcopyfile.dylib
0x00007ff8181fb000 	/usr/lib/system/libcorecrypto.dylib
0x00007ff8182b9000 	/usr/lib/system/libdispatch.dylib
0x00007ff81847a000 	/usr/lib/system/libdyld.dylib
0x00007ff823265000 	/usr/lib/system/libkeymgr.dylib
0x00007ff823208000 	/usr/lib/system/libmacho.dylib
0x00007ff822889000 	/usr/lib/system/libquarantine.dylib
0x00007ff823263000 	/usr/lib/system/libremovefile.dylib
0x00007ff81d413000 	/usr/lib/system/libsystem_asl.dylib
0x00007ff8181a4000 	/usr/lib/system/libsystem_blocks.dylib
0x00007ff81833e000 	/usr/lib/system/libsystem_c.dylib
0x00007ff82325b000 	/usr/lib/system/libsystem_collections.dylib
0x00007ff821b3d000 	/usr/lib/system/libsystem_configuration.dylib
0x00007ff820de6000 	/usr/lib/system/libsystem_containermanager.dylib
0x00007ff822f40000 	/usr/lib/system/libsystem_coreservices.dylib
0x00007ff81aab1000 	/usr/lib/system/libsystem_darwin.dylib
0x00007ff823266000 	/usr/lib/system/libsystem_dnssd.dylib
0x00007ff81833b000 	/usr/lib/system/libsystem_featureflags.dylib
0x00007ff818490000 	/usr/lib/system/libsystem_info.dylib
0x00007ff8231a6000 	/usr/lib/system/libsystem_m.dylib
0x00007ff81828d000 	/usr/lib/system/libsystem_malloc.dylib
0x00007ff81d3ae000 	/usr/lib/system/libsystem_networkextension.dylib
0x00007ff81aedb000 	/usr/lib/system/libsystem_notify.dylib
0x00007ff8294e7000 	/usr/lib/system/libsystem_product_info_filter.dylib
0x00007ff821b41000 	/usr/lib/system/libsystem_sandbox.dylib
0x00007ff823260000 	/usr/lib/system/libsystem_secinit.dylib
0x00007ff818436000 	/usr/lib/system/libsystem_kernel.dylib
0x00007ff818486000 	/usr/lib/system/libsystem_platform.dylib
0x00007ff81846e000 	/usr/lib/system/libsystem_pthread.dylib
0x00007ff81ec62000 	/usr/lib/system/libsystem_symptoms.dylib
0x00007ff8181e2000 	/usr/lib/system/libsystem_trace.dylib
0x00007ff823236000 	/usr/lib/system/libunwind.dylib
0x00007ff8181a6000 	/usr/lib/system/libxpc.dylib
0x00007ff818420000 	/usr/lib/libc++abi.dylib
0x00007ff818300000 	/usr/lib/libobjc.A.dylib
0x00007ff823241000 	/usr/lib/liboah.dylib
0x00007ff8183c7000 	/usr/lib/libc++.1.dylib
0x00007ff82f2fc000 	/System/Library/Frameworks/Cocoa.framework/Versions/A/Cocoa
0x00007ff81af39000 	/System/Library/Frameworks/AppKit.framework/Versions/C/AppKit
0x00007ff81e44f000 	/System/Library/Frameworks/CoreData.framework/Versions/A/CoreData
0x00007ff819338000 	/System/Library/Frameworks/Foundation.framework/Versions/C/Foundation
0x00007ff81bdc9000 	/System/Library/PrivateFrameworks/UIFoundation.framework/Versions/A/UIFoundation
0x00007ff8291ea000 	/System/Library/PrivateFrameworks/RemoteViewServices.framework/Versions/A/RemoteViewServices
0x00007ff8214c6000 	/System/Library/PrivateFrameworks/XCTTargetBootstrap.framework/Versions/A/XCTTargetBootstrap
0x00007ff825080000 	/System/Library/PrivateFrameworks/InternationalSupport.framework/Versions/A/InternationalSupport
0x00007ff82510a000 	/System/Library/PrivateFrameworks/UserActivity.framework/Versions/A/UserActivity
0x00007ff82445b000 	/usr/lib/libspindump.dylib
0x00007ff81c058000 	/System/Library/Frameworks/UniformTypeIdentifiers.framework/Versions/A/UniformTypeIdentifiers
0x00007ff81fbeb000 	/usr/lib/libapp_launch_measurement.dylib
0x00007ff81ee22000 	/System/Library/PrivateFrameworks/CoreAnalytics.framework/Versions/A/CoreAnalytics
0x00007ff81fbee000 	/System/Library/PrivateFrameworks/CoreAutoLayout.framework/Versions/A/CoreAutoLayout
0x00007ff820e1e000 	/System/Library/Frameworks/Metal.framework/Versions/A/Metal
0x00007ff821b4d000 	/usr/lib/liblangid.dylib
0x00007ff8214cb000 	/System/Library/PrivateFrameworks/CoreSVG.framework/Versions/A/CoreSVG
0x00007ff81d443000 	/System/Library/PrivateFrameworks/SkyLight.framework/Versions/A/SkyLight
0x00007ff81d7e2000 	/System/Library/Frameworks/CoreGraphics.framework/Versions/A/CoreGraphics
0x00007ff8298aa000 	/System/Library/Frameworks/Accelerate.framework/Versions/A/Accelerate
0x00007ff823eda000 	/System/Library/PrivateFrameworks/IconServices.framework/Versions/A/IconServices
0x00007ff820e03000 	/System/Library/Frameworks/IOSurface.framework/Versions/A/IOSurface
0x00007ff81ee50000 	/usr/lib/libDiagnosticMessagesClient.dylib
0x00007ff82cfa0000 	/System/Library/Frameworks/ApplicationServices.framework/Versions/A/ApplicationServices
0x00007ff8214b2000 	/System/Library/PrivateFrameworks/DFRFoundation.framework/Versions/A/DFRFoundation
0x00007ff81a81d000 	/usr/lib/libicucore.A.dylib
0x00007ff825e76000 	/System/Library/Frameworks/AudioToolbox.framework/Versions/A/AudioToolbox
0x00007ff82508c000 	/System/Library/PrivateFrameworks/DataDetectorsCore.framework/Versions/A/DataDetectorsCore
0x00007ff92158e000 	/System/Library/PrivateFrameworks/TextInput.framework/Versions/A/TextInput
0x00007ff81d3c6000 	/usr/lib/libMobileGestalt.dylib
0x00007ff8211be000 	/System/Library/Frameworks/Carbon.framework/Versions/A/Frameworks/HIToolbox.framework/Versions/A/HIToolbox
0x00007ff81f5ed000 	/System/Library/Frameworks/QuartzCore.framework/Versions/A/QuartzCore
0x00007ff81a4c2000 	/System/Library/Frameworks/Security.framework/Versions/A/Security
0x00007ff829222000 	/System/Library/Frameworks/Carbon.framework/Versions/A/Frameworks/SpeechRecognition.framework/Versions/A/SpeechRecognition
0x00007ff81f94b000 	/System/Library/PrivateFrameworks/CoreUI.framework/Versions/A/CoreUI
0x00007ff819d8c000 	/System/Library/Frameworks/CoreAudio.framework/Versions/A/CoreAudio
0x00007ff81ef3f000 	/System/Library/Frameworks/DiskArbitration.framework/Versions/A/DiskArbitration
0x00007ff82484c000 	/System/Library/PrivateFrameworks/MultitouchSupport.framework/Versions/A/MultitouchSupport
0x00007ff81d3c5000 	/usr/lib/libenergytrace.dylib
0x00007ff81ae21000 	/System/Library/Frameworks/IOKit.framework/Versions/A/IOKit
0x00007ff829612000 	/System/Library/Frameworks/CoreServices.framework/Versions/A/CoreServices
0x00007ff81fb85000 	/System/Library/PrivateFrameworks/PerformanceAnalysis.framework/Versions/A/PerformanceAnalysis
0x00007ffa31260000 	/System/Library/Frameworks/OpenGL.framework/Versions/A/OpenGL
0x00007ff8227af000 	/System/Library/PrivateFrameworks/MobileKeyBag.framework/Versions/A/MobileKeyBag
0x00007ff81deae000 	/System/Library/Frameworks/ColorSync.framework/Versions/A/ColorSync
0x00007ff8184bb000 	/System/Library/Frameworks/CoreFoundation.framework/Versions/A/CoreFoundation
0x00007ff821743000 	/System/Library/Frameworks/CoreImage.framework/Versions/A/CoreImage
0x00007ff819ba0000 	/System/Library/Frameworks/CoreText.framework/Versions/A/CoreText
0x00007ff8214fb000 	/System/Library/Frameworks/ImageIO.framework/Versions/A/ImageIO
0x00007ff823279000 	/System/Library/PrivateFrameworks/SoftLinking.framework/Versions/A/SoftLinking
0x00007ff81fc36000 	/usr/lib/libxml2.2.dylib
0x00007ff8234fd000 	/usr/lib/libcompression.dylib
0x00007ff824fb3000 	/System/Library/PrivateFrameworks/TextureIO.framework/Versions/A/TextureIO
0x00007ff823beb000 	/usr/lib/libate.dylib
0x00007ff8239c7000 	/usr/lib/liblzma.5.dylib
0x00007ff81904a000 	/System/Library/Frameworks/SystemConfiguration.framework/Versions/A/SystemConfiguration
0x00007ff823275000 	/usr/lib/libfakelink.dylib
0x00007ff81cf1f000 	/System/Library/Frameworks/CFNetwork.framework/Versions/A/CFNetwork
0x00007ff8233b6000 	/usr/lib/libarchive.2.dylib
0x00007ff821b49000 	/System/Library/PrivateFrameworks/AppleSystemInfo.framework/Versions/A/AppleSystemInfo
0x00007ff8228b0000 	/usr/lib/libbsm.0.dylib
0x00007ff81c52e000 	/usr/lib/libnetwork.dylib
0x00007ff82320e000 	/usr/lib/system/libkxld.dylib
0x00007ff8224e3000 	/System/Library/PrivateFrameworks/IOMobileFramebuffer.framework/Versions/A/IOMobileFramebuffer
0x00007ffb30c16000 	/usr/lib/libCoreEntitlements.dylib
0x00007ff822f22000 	/System/Library/PrivateFrameworks/AppleFSCompression.framework/Versions/A/AppleFSCompression
0x00007ff822898000 	/usr/lib/libcoretls.dylib
0x00007ff8239e1000 	/usr/lib/libcoretls_cfhelpers.dylib
0x00007ff8234f7000 	/usr/lib/libpam.2.dylib
0x00007ff81e881000 	/usr/lib/libsqlite3.dylib
0x00007ff823a50000 	/usr/lib/libxar.1.dylib
0x00007ff822f32000 	/usr/lib/libbz2.1.0.dylib
0x00007ff82327a000 	/usr/lib/libpcap.A.dylib
0x00007ff81ec5a000 	/usr/lib/libdns_services.dylib
0x00007ff8234c7000 	/usr/lib/libapple_nghttp2.dylib
0x00007ff8232b4000 	/usr/lib/libiconv.2.dylib
0x00007ff823207000 	/usr/lib/libcharset.1.dylib
0x00007ff81fbb9000 	/System/Library/Frameworks/CoreServices.framework/Versions/A/Frameworks/FSEvents.framework/Versions/A/FSEvents
0x00007ff81aabb000 	/System/Library/Frameworks/CoreServices.framework/Versions/A/Frameworks/CarbonCore.framework/Versions/A/CarbonCore
0x00007ff81eea3000 	/System/Library/Frameworks/CoreServices.framework/Versions/A/Frameworks/Metadata.framework/Versions/A/Metadata
0x00007ff822f45000 	/System/Library/Frameworks/CoreServices.framework/Versions/A/Frameworks/OSServices.framework/Versions/A/OSServices
0x00007ff82343c000 	/System/Library/Frameworks/CoreServices.framework/Versions/A/Frameworks/SearchKit.framework/Versions/A/SearchKit
0x00007ff81ebec000 	/System/Library/Frameworks/CoreServices.framework/Versions/A/Frameworks/AE.framework/Versions/A/AE
0x00007ff8189be000 	/System/Library/Frameworks/CoreServices.framework/Versions/A/Frameworks/LaunchServices.framework/Versions/A/LaunchServices
0x00007ff823978000 	/System/Library/Frameworks/CoreServices.framework/Versions/A/Frameworks/DictionaryServices.framework/Versions/A/DictionaryServices
0x00007ff81fbc6000 	/System/Library/Frameworks/CoreServices.framework/Versions/A/Frameworks/SharedFileList.framework/Versions/A/SharedFileList
0x00007ff82288c000 	/usr/lib/libCheckFix.dylib
0x00007ff81d42a000 	/System/Library/PrivateFrameworks/TCC.framework/Versions/A/TCC
0x00007ff821b4f000 	/System/Library/PrivateFrameworks/CoreNLP.framework/Versions/A/CoreNLP
0x00007ff81ee53000 	/System/Library/PrivateFrameworks/MetadataUtilities.framework/Versions/A/MetadataUtilities
0x00007ff8190fb000 	/usr/lib/libmecabra.dylib
0x00007ff8228c0000 	/usr/lib/libmecab.dylib
0x00007ff8190c6000 	/usr/lib/libCRFSuite.dylib
0x00007ff82291a000 	/usr/lib/libgermantok.dylib
0x00007ff8234a2000 	/usr/lib/libThaiTokenizer.dylib
0x00007ff81ef46000 	/System/Library/Frameworks/Accelerate.framework/Versions/A/Frameworks/vImage.framework/Versions/A/vImage
0x00007ff8295e9000 	/System/Library/Frameworks/Accelerate.framework/Versions/A/Frameworks/vecLib.framework/Versions/A/vecLib
0x00007ff823a91000 	/System/Library/Frameworks/Accelerate.framework/Versions/A/Frameworks/vecLib.framework/Versions/A/libvMisc.dylib
0x00007ff82230e000 	/System/Library/Frameworks/Accelerate.framework/Versions/A/Frameworks/vecLib.framework/Versions/A/libvDSP.dylib
0x00007ff818d3a000 	/System/Library/Frameworks/Accelerate.framework/Versions/A/Frameworks/vecLib.framework/Versions/A/libBLAS.dylib
0x00007ff8235da000 	/System/Library/Frameworks/Accelerate.framework/Versions/A/Frameworks/vecLib.framework/Versions/A/libLAPACK.dylib
0x00007ff82291d000 	/System/Library/Frameworks/Accelerate.framework/Versions/A/Frameworks/vecLib.framework/Versions/A/libLinearAlgebra.dylib
0x00007ff8234df000 	/System/Library/Frameworks/Accelerate.framework/Versions/A/Frameworks/vecLib.framework/Versions/A/libSparseBLAS.dylib
0x00007ff8235d4000 	/System/Library/Frameworks/Accelerate.framework/Versions/A/Frameworks/vecLib.framework/Versions/A/libQuadrature.dylib
0x00007ff821c3a000 	/System/Library/Frameworks/Accelerate.framework/Versions/A/Frameworks/vecLib.framework/Versions/A/libBNNS.dylib
0x00007ff818fd4000 	/System/Library/Frameworks/Accelerate.framework/Versions/A/Frameworks/vecLib.framework/Versions/A/libSparse.dylib
0x00007ff821c33000 	/System/Library/PrivateFrameworks/LinguisticData.framework/Versions/A/LinguisticData
0x00007ff818f8a000 	/System/Library/PrivateFrameworks/Lexicon.framework/Versions/A/Lexicon
0x00007ff823a8a000 	/usr/lib/libChineseTokenizer.dylib
0x00007ff8196f5000 	/System/Library/PrivateFrameworks/LanguageModeling.framework/Versions/A/LanguageModeling
0x00007ff8234a4000 	/System/Library/PrivateFrameworks/AppleSauce.framework/Versions/A/AppleSauce
0x00007ff8224d1000 	/System/Library/PrivateFrameworks/CoreEmoji.framework/Versions/A/CoreEmoji
0x00007ff8233a5000 	/usr/lib/libcmph.dylib
0x00007ff81fb9d000 	/System/Library/Frameworks/OpenDirectory.framework/Versions/A/Frameworks/CFOpenDirectory.framework/Versions/A/CFOpenDirectory
0x00007ff81fb91000 	/System/Library/Frameworks/OpenDirectory.framework/Versions/A/OpenDirectory
0x00007ff8239e3000 	/System/Library/PrivateFrameworks/APFS.framework/Versions/A/APFS
0x00007ff8227e7000 	/System/Library/Frameworks/SecurityFoundation.framework/Versions/A/SecurityFoundation
0x00007ff823a5e000 	/usr/lib/libutil.dylib
0x00007ff81ade5000 	/System/Library/PrivateFrameworks/CoreServicesStore.framework/Versions/A/CoreServicesStore
0x00007ff823a62000 	/usr/lib/libxslt.1.dylib
0x00007ff822874000 	/System/Library/PrivateFrameworks/BackgroundTaskManagement.framework/Versions/A/BackgroundTaskManagement
0x00007ff824ed3000 	/System/Library/Frameworks/ImageIO.framework/Versions/A/Resources/libRadiance.dylib
0x00007ff824edc000 	/System/Library/Frameworks/ImageIO.framework/Versions/A/Resources/libJPEG.dylib
0x00007ff824e2b000 	/System/Library/Frameworks/ImageIO.framework/Versions/A/Resources/libPng.dylib
0x00007ff824e4c000 	/System/Library/Frameworks/ImageIO.framework/Versions/A/Resources/libTIFF.dylib
0x00007ff824f3c000 	/System/Library/Frameworks/ImageIO.framework/Versions/A/Resources/libGIF.dylib
0x00007ff824765000 	/System/Library/Frameworks/ImageIO.framework/Versions/A/Resources/libJP2.dylib
0x00007ff823ea0000 	/usr/lib/libexpat.1.dylib
0x00007ff82471a000 	/System/Library/PrivateFrameworks/AppleJPEG.framework/Versions/A/AppleJPEG
0x00007ff821083000 	/System/Library/PrivateFrameworks/FontServices.framework/libFontParser.dylib
0x00007ff81eb96000 	/System/Library/PrivateFrameworks/RunningBoardServices.framework/Versions/A/RunningBoardServices
0x00007ff82f8b7000 	/System/Library/PrivateFrameworks/IOSurfaceAccelerator.framework/Versions/A/IOSurfaceAccelerator
0x00007ff824848000 	/System/Library/PrivateFrameworks/WatchdogClient.framework/Versions/A/WatchdogClient
0x00007ff8197e3000 	/System/Library/Frameworks/CoreDisplay.framework/Versions/A/CoreDisplay
0x00007ff820f81000 	/System/Library/Frameworks/CoreMedia.framework/Versions/A/CoreMedia
0x00007ff820e15000 	/System/Library/PrivateFrameworks/IOAccelerator.framework/Versions/A/IOAccelerator
0x00007ff81fd1a000 	/System/Library/Frameworks/CoreVideo.framework/Versions/A/CoreVideo
0x00007ff8234f5000 	/System/Library/Frameworks/MetalPerformanceShaders.framework/Versions/A/MetalPerformanceShaders
0x00007ff824885000 	/System/Library/Frameworks/VideoToolbox.framework/Versions/A/VideoToolbox
0x00007ff81eae0000 	/System/Library/PrivateFrameworks/BaseBoard.framework/Versions/A/BaseBoard
0x00007ff81e867000 	/System/Library/PrivateFrameworks/ProtocolBuffer.framework/Versions/A/ProtocolBuffer
0x00007ff824ecc000 	/System/Library/PrivateFrameworks/GPUWrangler.framework/Versions/A/GPUWrangler
0x00007ff824eb0000 	/System/Library/PrivateFrameworks/IOPresentment.framework/Versions/A/IOPresentment
0x00007ff824ed6000 	/System/Library/PrivateFrameworks/DSExternalDisplay.framework/Versions/A/DSExternalDisplay
0x00007ffa31254000 	/System/Library/Frameworks/OpenGL.framework/Versions/A/Libraries/libCoreFSCache.dylib
0x00007ffb1e329000 	/System/Library/PrivateFrameworks/GPUCompiler.framework/Versions/31001/Libraries/libGPUCompilerUtils.dylib
0x00007ff824f41000 	/System/Library/PrivateFrameworks/CMCaptureCore.framework/Versions/A/CMCaptureCore
0x00007ff824449000 	/System/Library/PrivateFrameworks/AppServerSupport.framework/Versions/A/AppServerSupport
0x00007ff82670f000 	/System/Library/PrivateFrameworks/perfdata.framework/Versions/A/perfdata
0x00007ff81990f000 	/System/Library/PrivateFrameworks/AudioToolboxCore.framework/Versions/A/AudioToolboxCore
0x00007ff820f5f000 	/System/Library/PrivateFrameworks/caulk.framework/Versions/A/caulk
0x00007ff826021000 	/usr/lib/libAudioStatistics.dylib
0x00007ff91dd13000 	/System/Library/PrivateFrameworks/SystemPolicy.framework/Versions/A/SystemPolicy
0x00007ff82627c000 	/usr/lib/libSMC.dylib
0x00007ff82f1af000 	/System/Library/Frameworks/CoreMIDI.framework/Versions/A/CoreMIDI
0x00007ff824dfa000 	/usr/lib/libAudioToolboxUtility.dylib
0x00007ff919f37000 	/System/Library/PrivateFrameworks/OSAServicesClient.framework/Versions/A/OSAServicesClient
0x00007ff82671c000 	/usr/lib/libperfcheck.dylib
0x00007ff91e7c4000 	/usr/lib/libmis.dylib
0x00007ffa312af000 	/System/Library/Frameworks/OpenGL.framework/Versions/A/Libraries/libGLU.dylib
0x00007ffa31273000 	/System/Library/Frameworks/OpenGL.framework/Versions/A/Libraries/libGFXShared.dylib
0x00007ffa3147c000 	/System/Library/Frameworks/OpenGL.framework/Versions/A/Libraries/libGL.dylib
0x00007ffa3127c000 	/System/Library/Frameworks/OpenGL.framework/Versions/A/Libraries/libGLImage.dylib
0x00007ffa31270000 	/System/Library/Frameworks/OpenGL.framework/Versions/A/Libraries/libCVMSPluginSupport.dylib
0x00007ffa3125b000 	/System/Library/Frameworks/OpenGL.framework/Versions/A/Libraries/libCoreVMClient.dylib
0x00007ff821acb000 	/System/Library/Frameworks/MetalPerformanceShaders.framework/Versions/A/Frameworks/MPSCore.framework/Versions/A/MPSCore
0x00007ff822e8d000 	/System/Library/Frameworks/MetalPerformanceShaders.framework/Versions/A/Frameworks/MPSImage.framework/Versions/A/MPSImage
0x00007ff822933000 	/System/Library/Frameworks/MetalPerformanceShaders.framework/Versions/A/Frameworks/MPSNeuralNetwork.framework/Versions/A/MPSNeuralNetwork
0x00007ff822da7000 	/System/Library/Frameworks/MetalPerformanceShaders.framework/Versions/A/Frameworks/MPSMatrix.framework/Versions/A/MPSMatrix
0x00007ff822b62000 	/System/Library/Frameworks/MetalPerformanceShaders.framework/Versions/A/Frameworks/MPSRayIntersector.framework/Versions/A/MPSRayIntersector
0x00007ff822ddf000 	/System/Library/Frameworks/MetalPerformanceShaders.framework/Versions/A/Frameworks/MPSNDArray.framework/Versions/A/MPSNDArray
0x00007ffa36d34000 	/System/Library/Frameworks/MetalPerformanceShaders.framework/Versions/A/Frameworks/MPSFunctions.framework/Versions/A/MPSFunctions
0x00007ff818c16000 	/System/Library/PrivateFrameworks/MetalTools.framework/Versions/A/MetalTools
0x00007ff821b47000 	/System/Library/PrivateFrameworks/AggregateDictionary.framework/Versions/A/AggregateDictionary
0x00007ff823c82000 	/usr/lib/libIOReport.dylib
0x00007ffa3288b000 	/System/Library/Frameworks/OpenCL.framework/Versions/A/OpenCL
0x00007ff823fe7000 	/System/Library/PrivateFrameworks/FaceCore.framework/Versions/A/FaceCore
0x00007ff823fd8000 	/System/Library/PrivateFrameworks/GraphVisualizer.framework/Versions/A/GraphVisualizer
0x00007ffb1e234000 	/System/Library/PrivateFrameworks/FontServices.framework/Versions/A/FontServices
0x00007ff824401000 	/System/Library/PrivateFrameworks/OTSVG.framework/Versions/A/OTSVG
0x00007ff81f900000 	/System/Library/Frameworks/ApplicationServices.framework/Versions/A/Frameworks/ATS.framework/Versions/A/Resources/libFontRegistry.dylib
0x00007ff824451000 	/System/Library/PrivateFrameworks/FontServices.framework/libhvf.dylib
0x00007ffb1e235000 	/System/Library/PrivateFrameworks/FontServices.framework/libXTFontStaticRegistryData.dylib
0x00007ff823e50000 	/System/Library/PrivateFrameworks/AppleVA.framework/Versions/A/AppleVA
0x00007ff826041000 	/System/Library/Frameworks/ApplicationServices.framework/Versions/A/Frameworks/ATS.framework/Versions/A/ATS
0x00007ff81dfac000 	/System/Library/Frameworks/ApplicationServices.framework/Versions/A/Frameworks/HIServices.framework/Versions/A/HIServices
0x00007ff824f4b000 	/System/Library/Frameworks/ApplicationServices.framework/Versions/A/Frameworks/PrintCore.framework/Versions/A/PrintCore
0x00007ff8263cf000 	/System/Library/Frameworks/ApplicationServices.framework/Versions/A/Frameworks/QD.framework/Versions/A/QD
0x00007ff8263c7000 	/System/Library/Frameworks/ApplicationServices.framework/Versions/A/Frameworks/ColorSyncLegacy.framework/Versions/A/ColorSyncLegacy
0x00007ff826031000 	/System/Library/Frameworks/ApplicationServices.framework/Versions/A/Frameworks/SpeechSynthesis.framework/Versions/A/SpeechSynthesis
0x00007ff824f0c000 	/System/Library/Frameworks/ApplicationServices.framework/Versions/A/Frameworks/ATSUI.framework/Versions/A/ATSUI
0x00007ff82635c000 	/usr/lib/libcups.2.dylib
0x00007ff82672b000 	/System/Library/Frameworks/Kerberos.framework/Versions/A/Kerberos
0x00007ff82673a000 	/System/Library/Frameworks/GSS.framework/Versions/A/GSS
0x00007ff8260ad000 	/usr/lib/libresolv.9.dylib
0x00007ff824460000 	/System/Library/PrivateFrameworks/Heimdal.framework/Versions/A/Heimdal
0x00007ff82d332000 	/System/Library/Frameworks/Kerberos.framework/Versions/A/Libraries/libHeimdalProxy.dylib
0x00007ff81ec6a000 	/System/Library/Frameworks/Network.framework/Versions/A/Network
0x00007ff823ebb000 	/usr/lib/libheimdal-asn1.dylib
0x00007ff826785000 	/System/Library/PrivateFrameworks/CommonAuth.framework/Versions/A/CommonAuth
0x00007ff825fb3000 	/System/Library/PrivateFrameworks/AudioSession.framework/Versions/A/AudioSession
0x00007ff823f4b000 	/System/Library/PrivateFrameworks/MediaExperience.framework/Versions/A/MediaExperience
0x00007ff825e45000 	/System/Library/PrivateFrameworks/AudioSession.framework/libSessionUtility.dylib
0x00007ff8263db000 	/System/Library/PrivateFrameworks/AudioResourceArbitration.framework/Versions/A/AudioResourceArbitration
0x00007ff82a45c000 	/System/Library/PrivateFrameworks/PowerLog.framework/Versions/A/PowerLog
0x00007ff823ec4000 	/System/Library/PrivateFrameworks/IconFoundation.framework/Versions/A/IconFoundation
0x00007ff829212000 	/System/Library/PrivateFrameworks/SpeechRecognitionCore.framework/Versions/A/SpeechRecognitionCore
0x0000000107bdb000 	/Applications/IntelliJ IDEA.app/Contents/jbr/Contents/Home/lib/server/libjvm.dylib
0x0000000106aae000 	/Applications/IntelliJ IDEA.app/Contents/jbr/Contents/Home/lib/libjimage.dylib
0x0000000106b02000 	/Applications/IntelliJ IDEA.app/Contents/jbr/Contents/Home/lib/libjdwp.dylib
0x0000000106b46000 	/Applications/IntelliJ IDEA.app/Contents/jbr/Contents/Home/lib/libjava.dylib
0x0000000106ad1000 	/Applications/IntelliJ IDEA.app/Contents/jbr/Contents/Home/lib/libinstrument.dylib
0x0000000106ae5000 	/Applications/IntelliJ IDEA.app/Contents/jbr/Contents/Home/lib/libzip.dylib
0x00000001074a9000 	/Applications/IntelliJ IDEA.app/Contents/jbr/Contents/Home/lib/libdt_socket.dylib
0x00000001074d5000 	/Applications/IntelliJ IDEA.app/Contents/jbr/Contents/Home/lib/libnio.dylib
0x000000010750f000 	/Applications/IntelliJ IDEA.app/Contents/jbr/Contents/Home/lib/libnet.dylib
0x00000001074f1000 	/Applications/IntelliJ IDEA.app/Contents/jbr/Contents/Home/lib/libmanagement.dylib
0x000000010752f000 	/Applications/IntelliJ IDEA.app/Contents/jbr/Contents/Home/lib/libmanagement_ext.dylib
0x00000001074b9000 	/Applications/IntelliJ IDEA.app/Contents/jbr/Contents/Home/lib/libextnet.dylib


VM Arguments:
jvm_args: -agentlib:jdwp=transport=dt_socket,address=127.0.0.1:49703,suspend=y,server=n -XX:TieredStopAtLevel=1 -Dspring.output.ansi.enabled=always -Dcom.sun.management.jmxremote -Dspring.jmx.enabled=true -Dspring.liveBeansView.mbeanDomain -Dspring.application.admin.enabled=true -Dmanagement.endpoints.jmx.exposure.include=* -javaagent:/Users/ousmane/Library/Caches/JetBrains/IntelliJIdea2024.1/captureAgent/debugger-agent.jar=file:/private/var/folders/t4/764zh9jd50g21c2kwrdgp27m0000gn/T/capture.props -Dfile.encoding=UTF-8 
java_command: org.etutoria.order.OrderApplication
java_class_path (initial): /Users/ousmane/Documents/demo/ecommerce-microservices/order/target/classes:/Users/ousmane/.m2/repository/org/springframework/boot/spring-boot-starter-data-jpa/3.2.6/spring-boot-starter-data-jpa-3.2.6.jar:/Users/ousmane/.m2/repository/org/springframework/boot/spring-boot-starter-aop/3.2.6/spring-boot-starter-aop-3.2.6.jar:/Users/ousmane/.m2/repository/org/springframework/spring-aop/6.1.8/spring-aop-6.1.8.jar:/Users/ousmane/.m2/repository/org/aspectj/aspectjweaver/1.9.22/aspectjweaver-1.9.22.jar:/Users/ousmane/.m2/repository/org/springframework/boot/spring-boot-starter-jdbc/3.2.6/spring-boot-starter-jdbc-3.2.6.jar:/Users/ousmane/.m2/repository/com/zaxxer/HikariCP/5.0.1/HikariCP-5.0.1.jar:/Users/ousmane/.m2/repository/org/springframework/spring-jdbc/6.1.8/spring-jdbc-6.1.8.jar:/Users/ousmane/.m2/repository/org/hibernate/orm/hibernate-core/6.4.8.Final/hibernate-core-6.4.8.Final.jar:/Users/ousmane/.m2/repository/jakarta/persistence/jakarta.persistence-api/3.1.0/jakarta.persistence-api-3.1.0.jar:/Users/ousmane/.m2/repository/jakarta/transaction/jakarta.transaction-api/2.0.1/jakarta.transaction-api-2.0.1.jar:/Users/ousmane/.m2/repository/org/jboss/logging/jboss-logging/3.5.3.Final/jboss-logging-3.5.3.Final.jar:/Users/ousmane/.m2/repository/org/hibernate/common/hibernate-commons-annotations/6.0.6.Final/hibernate-commons-annotations-6.0.6.Final.jar:/Users/ousmane/.m2/repository/io/smallrye/jandex/3.1.2/jandex-3.1.2.jar:/Users/ousmane/.m2/repository/com/fasterxml/classmate/1.6.0/classmate-1.6.0.jar:/Users/ousmane/.m2/repository/net/bytebuddy/byte-buddy/1.14.16/byte-buddy-1.14.16.jar:/Users/ousmane/.m2/repository/org/glassfish/jaxb/jaxb-runtime/4.0.5/jaxb-runtime-4.0.5.jar:/Users/ousmane/.m2/repository/org/glassfish/jaxb/jaxb-core/4.0.5/jaxb-core-4.0.5.jar:/Users/ousmane/.m2/repository/org/eclipse/angus/angus-activation/2.0.2/angus-activation-2.0.2.jar:/Users/ousmane/.m2/repository/org/glassfish/jaxb/txw2/4.0.5/txw2-4.0.5.jar:/Users/ousmane/.m2/rep
Launcher Type: SUN_STANDARD

[Global flags]
     intx CICompilerCount                          = 4                                         {product} {ergonomic}
     uint ConcGCThreads                            = 2                                         {product} {ergonomic}
     uint G1ConcRefinementThreads                  = 8                                         {product} {ergonomic}
   size_t G1HeapRegionSize                         = 2097152                                   {product} {ergonomic}
    uintx GCDrainStackTargetSize                   = 64                                        {product} {ergonomic}
   size_t InitialHeapSize                          = 268435456                                 {product} {ergonomic}
     bool ManagementServer                         = true                                      {product} {command line}
   size_t MarkStackSize                            = 4194304                                   {product} {ergonomic}
   size_t MaxHeapSize                              = 4294967296                                {product} {ergonomic}
   size_t MaxNewSize                               = 2575302656                                {product} {ergonomic}
   size_t MinHeapDeltaBytes                        = 2097152                                   {product} {ergonomic}
   size_t MinHeapSize                              = 8388608                                   {product} {ergonomic}
    uintx NonProfiledCodeHeapSize                  = 0                                      {pd product} {ergonomic}
     bool ProfileInterpreter                       = false                                  {pd product} {command line}
    uintx ProfiledCodeHeapSize                     = 0                                      {pd product} {ergonomic}
   size_t SoftMaxHeapSize                          = 4294967296                             {manageable} {ergonomic}
     intx TieredStopAtLevel                        = 1                                         {product} {command line}
     bool UseCompressedClassPointers               = true                           {product lp64_product} {ergonomic}
     bool UseCompressedOops                        = true                           {product lp64_product} {ergonomic}
     bool UseG1GC                                  = true                                      {product} {ergonomic}
     bool UseNUMA                                  = false                                     {product} {ergonomic}
     bool UseNUMAInterleaving                      = false                                     {product} {ergonomic}

Logging:
Log output configuration:
 #0: stdout all=warning uptime,level,tags
 #1: stderr all=off uptime,level,tags

Environment Variables:
PATH=/Users/ousmane/.rbenv/shims:/Users/ousmane/.rbenv/bin:/Applications/flutter/bin:/opt/anaconda3/bin:/opt/anaconda3/condabin:/usr/local/bin:/usr/bin:/bin:/usr/sbin:/sbin:/Applications/VMware Fusion.app/Contents/Public:/Library/Apple/usr/bin
SHELL=/bin/zsh
LC_CTYPE=en_GB.UTF-8
TMPDIR=/var/folders/t4/764zh9jd50g21c2kwrdgp27m0000gn/T/

Active Locale:
LC_ALL=C/en_GB.UTF-8/C/C/C/C
LC_COLLATE=C
LC_CTYPE=en_GB.UTF-8
LC_MESSAGES=C
LC_MONETARY=C
LC_NUMERIC=C
LC_TIME=C

Signal Handlers:
   SIGSEGV: crash_handler in libjvm.dylib, mask=11100110000111110111111111111111, flags=SA_RESTART|SA_SIGINFO, unblocked
    SIGBUS: crash_handler in libjvm.dylib, mask=11100110000111110111111111111111, flags=SA_RESTART|SA_SIGINFO, unblocked
    SIGFPE: crash_handler in libjvm.dylib, mask=11100110000111110111111111111111, flags=SA_RESTART|SA_SIGINFO, unblocked
   SIGPIPE: javaSignalHandler in libjvm.dylib, mask=11100110000111110111111111111111, flags=SA_RESTART|SA_SIGINFO, blocked
   SIGXFSZ: javaSignalHandler in libjvm.dylib, mask=11100110000111110111111111111111, flags=SA_RESTART|SA_SIGINFO, blocked
    SIGILL: crash_handler in libjvm.dylib, mask=11100110000111110111111111111111, flags=SA_RESTART|SA_SIGINFO, unblocked
   SIGUSR2: SR_handler in libjvm.dylib, mask=00100000000000000000000000000000, flags=SA_RESTART|SA_SIGINFO, blocked
    SIGHUP: UserHandler in libjvm.dylib, mask=11100110000111110111111111111111, flags=SA_RESTART|SA_SIGINFO, blocked
    SIGINT: UserHandler in libjvm.dylib, mask=11100110000111110111111111111111, flags=SA_RESTART|SA_SIGINFO, blocked
   SIGTERM: UserHandler in libjvm.dylib, mask=11100110000111110111111111111111, flags=SA_RESTART|SA_SIGINFO, blocked
   SIGQUIT: UserHandler in libjvm.dylib, mask=11100110000111110111111111111111, flags=SA_RESTART|SA_SIGINFO, blocked
   SIGTRAP: crash_handler in libjvm.dylib, mask=11100110000111110111111111111111, flags=SA_RESTART|SA_SIGINFO, unblocked


Periodic native trim disabled

JNI global refs:
JNI global refs: 50, weak refs: 4223

JNI global refs memory usage: 2923, weak refs: 42873

Process memory usage:
Resident Set Size: 126348K (0% of 16777216K total physical memory with 54844K free physical memory)

OOME stack traces (most recent first):
Classloader memory used:
Loader bootstrap                                                                       : 2157K
Loader jdk.internal.loader.ClassLoaders$AppClassLoader                                 : 1410K
Loader jdk.internal.reflect.DelegatingClassLoader                                      : 8868B
Loader jdk.internal.loader.ClassLoaders$PlatformClassLoader                            : 4400B


---------------  S Y S T E M  ---------------

OS:
uname: Darwin 21.6.0 Darwin Kernel Version 21.6.0: Wed Apr 24 06:02:02 PDT 2024; root:xnu-8020.240.18.708.4~1/RELEASE_X86_64 x86_64
OS uptime: 0 days 5:16 hours
rlimit (soft/hard): STACK 8192k/65532k , CORE 0k/infinity , NPROC 2784/4176 , NOFILE 10240/infinity , AS infinity/infinity , CPU infinity/infinity , DATA infinity/infinity , FSIZE infinity/infinity , MEMLOCK infinity/infinity , RSS infinity/infinity
load average: 5.79 5.97 5.12

CPU: total 8 (initial active 8) (4 cores per cpu, 2 threads per core) family 6 model 94 stepping 3 microcode 0xf0, cx8, cmov, fxsr, ht, mmx, 3dnowpref, sse, sse2, sse3, ssse3, sse4.1, sse4.2, popcnt, lzcnt, tsc, tscinvbit, avx, avx2, aes, erms, clmul, bmi1, bmi2, rtm, adx, fma, vzeroupper, clflush, clflushopt
machdep.cpu.brand_string:Intel(R) Core(TM) i7-6820HQ CPU @ 2.70GHz
hw.cpufrequency:2700000000
hw.cpufrequency_min:2700000000
hw.cpufrequency_max:2700000000
hw.cachelinesize:64
hw.l1icachesize:32768
hw.l1dcachesize:32768
hw.l2cachesize:262144
hw.l3cachesize:8388608

Memory: 4k page, physical 16777216k(54844k free), swap 5242880k(367104k free)

vm_info: OpenJDK 64-Bit Server VM (17.0.11+1-b1207.24) for bsd-amd64 JRE (17.0.11+1-b1207.24), built on 2024-05-15 by "builduser" with clang Apple LLVM 13.0.0 (clang-1300.0.29.3)

END.
