#
# A fatal error has been detected by the Java Runtime Environment:
#
#  SIGBUS (0xa) at pc=0x000000010bf3b3f3, pid=65837, tid=29707
#
# JRE version: OpenJDK Runtime Environment JBR-17.0.11+1-1207.24-jcef (17.0.11+1) (build 17.0.11+1-b1207.24)
# Java VM: OpenJDK 64-Bit Server VM JBR-17.0.11+1-1207.24-jcef (17.0.11+1-b1207.24, mixed mode, emulated-client, tiered, compressed oops, compressed class ptrs, g1 gc, bsd-amd64)
# Problematic frame:
# C  [libzip.dylib+0x63f3]  newEntry+0x53
#
# No core dump will be written. Core dumps have been disabled. To enable core dumping, try "ulimit -c unlimited" before starting Java again
#
# If you would like to submit a bug report, please visit:
#   https://youtrack.jetbrains.com/issues/JBR
# The crash happened outside the Java Virtual Machine in native code.
# See problematic frame for where to report the bug.
#

---------------  S U M M A R Y ------------

Command Line: -agentlib:jdwp=transport=dt_socket,address=127.0.0.1:49178,suspend=y,server=n -XX:TieredStopAtLevel=1 -Dspring.output.ansi.enabled=always -Dcom.sun.management.jmxremote -Dspring.jmx.enabled=true -Dspring.liveBeansView.mbeanDomain -Dspring.application.admin.enabled=true -Dmanagement.endpoints.jmx.exposure.include=* -javaagent:/Users/ousmane/Library/Caches/JetBrains/IntelliJIdea2024.1/captureAgent/debugger-agent.jar=file:/private/var/folders/t4/764zh9jd50g21c2kwrdgp27m0000gn/T/capture.props -Dfile.encoding=UTF-8 org.etutoria.customer.CustomerApplication

Host: "MacBookPro13,3" x86_64 2700 MHz, 8 cores, 16G, Darwin 21.6.0, macOS 12.7.5 (21H1222)
Time: Tue Jun 25 17:33:07 2024 +01 elapsed time: 6.440768 seconds (0d 0h 0m 6s)

---------------  T H R E A D  ---------------

Current thread (0x00007fde34036200):  JavaThread "spring.cloud.inetutils" daemon [_thread_in_native, id=29707, stack(0x000070000a32f000,0x000070000a42f000)]

Stack: [0x000070000a32f000,0x000070000a42f000],  sp=0x000070000a42e0d0,  free space=1020k
Native frames: (J=compiled Java code, j=interpreted, Vv=VM code, C=native code)
C  [libzip.dylib+0x63f3]  newEntry+0x53
C  [libzip.dylib+0x629c]  ZIP_GetEntry2+0x1dc
C  [libzip.dylib+0x6d8e]  ZIP_FindEntry+0x2e
V  [libjvm.dylib+0x2f71b8]  ClassPathZipEntry::open_entry(JavaThread*, char const*, int*, bool)+0xa8
V  [libjvm.dylib+0x2f72f0]  ClassPathZipEntry::open_stream(JavaThread*, char const*)+0x20
V  [libjvm.dylib+0x2faf13]  ClassLoader::load_class(Symbol*, bool, JavaThread*)+0x1a3
V  [libjvm.dylib+0xa6e3d7]  SystemDictionary::load_instance_class_impl(Symbol*, Handle, JavaThread*)+0x3e7
V  [libjvm.dylib+0xa6cb95]  SystemDictionary::load_instance_class(unsigned int, Symbol*, Handle, JavaThread*)+0x25
V  [libjvm.dylib+0xa6c108]  SystemDictionary::resolve_instance_class_or_null(Symbol*, Handle, Handle, JavaThread*)+0x528
V  [libjvm.dylib+0xa6b6a4]  SystemDictionary::resolve_or_fail(Symbol*, Handle, Handle, bool, JavaThread*)+0x64
V  [libjvm.dylib+0x35afd7]  ConstantPool::klass_at_impl(constantPoolHandle const&, int, JavaThread*)+0x1a7
V  [libjvm.dylib+0x521c30]  InterpreterRuntime::_new(JavaThread*, ConstantPool*, int)+0x50
j  com.intellij.rt.debugger.agent.CaptureStorage.insertEnter(Ljava/lang/Object;)V+10
j  java.util.concurrent.FutureTask.run()V+1 java.base@17.0.11
j  java.util.concurrent.ThreadPoolExecutor.runWorker(Ljava/util/concurrent/ThreadPoolExecutor$Worker;)V+92 java.base@17.0.11
j  java.util.concurrent.ThreadPoolExecutor$Worker.run()V+5 java.base@17.0.11
j  java.lang.Thread.run()V+11 java.base@17.0.11
v  ~StubRoutines::call_stub
V  [libjvm.dylib+0x52b982]  JavaCalls::call_helper(JavaValue*, methodHandle const&, JavaCallArguments*, JavaThread*)+0x2a2
V  [libjvm.dylib+0x52aac5]  JavaCalls::call_virtual(JavaValue*, Klass*, Symbol*, Symbol*, JavaCallArguments*, JavaThread*)+0xf5
V  [libjvm.dylib+0x52ab83]  JavaCalls::call_virtual(JavaValue*, Handle, Klass*, Symbol*, Symbol*, JavaThread*)+0x63
V  [libjvm.dylib+0x5d6db4]  thread_entry(JavaThread*, JavaThread*)+0xb4
V  [libjvm.dylib+0xab2ba0]  JavaThread::thread_main_inner()+0x150
V  [libjvm.dylib+0xab0ef7]  Thread::call_run()+0xa7
V  [libjvm.dylib+0x8c4e28]  thread_native_entry(Thread*)+0x148
C  [libsystem_pthread.dylib+0x64e1]  _pthread_start+0x7d
C  [libsystem_pthread.dylib+0x1f6b]  thread_start+0xf

Java frames: (J=compiled Java code, j=interpreted, Vv=VM code)
j  com.intellij.rt.debugger.agent.CaptureStorage.insertEnter(Ljava/lang/Object;)V+10
j  java.util.concurrent.FutureTask.run()V+1 java.base@17.0.11
j  java.util.concurrent.ThreadPoolExecutor.runWorker(Ljava/util/concurrent/ThreadPoolExecutor$Worker;)V+92 java.base@17.0.11
j  java.util.concurrent.ThreadPoolExecutor$Worker.run()V+5 java.base@17.0.11
j  java.lang.Thread.run()V+11 java.base@17.0.11
v  ~StubRoutines::call_stub

siginfo: si_signo: 10 (SIGBUS), si_code: 2 (BUS_ADRERR), si_addr: 0x000000010bf13620

Registers:
RAX=0x0000600000ce4050, RBX=0x0000600001a70000, RCX=0x0000600000ce4050, RDX=0x0000000080464ffb
RSP=0x000070000a42e0d0, RBP=0x000070000a42e150, RSI=0x00000000000007fb, RDI=0x000000010bee6000
R8 =0x0000600003a59301, R9 =0x00007fde35b23130, R10=0x000000000000003b, R11=0x00000fde2c3e0400
R12=0x0000600000ce4050, R13=0x0000000000000000, R14=0x0000000000000000, R15=0x000000010bf13604
RIP=0x000000010bf3b3f3, EFLAGS=0x0000000000010202, ERR=0x0000000000000004
  TRAPNO=0x000000000000000e


Register to memory mapping:

RAX=0x0000600000ce4050 points into unknown readable memory: 0x0000000000000000 | 00 00 00 00 00 00 00 00
RBX=0x0000600001a70000 points into unknown readable memory: 0x0000600000b7c0c0 | c0 c0 b7 00 00 60 00 00
RCX=0x0000600000ce4050 points into unknown readable memory: 0x0000000000000000 | 00 00 00 00 00 00 00 00
RDX=0x0000000080464ffb is an unknown value
RSP=0x000070000a42e0d0 is pointing into the stack for thread: 0x00007fde34036200
RBP=0x000070000a42e150 is pointing into the stack for thread: 0x00007fde34036200
RSI=0x00000000000007fb is an unknown value
RDI=0x000000010bee6000 points into unknown readable memory: 0x0000000000000000 | 00 00 00 00 00 00 00 00
R8 =0x0000600003a59301 points into unknown readable memory: 7d 77 46 00 00 00 00
R9 =0x00007fde35b23130 points into unknown readable memory: 0x65746e692f6d6f63 | 63 6f 6d 2f 69 6e 74 65
R10=0x000000000000003b is an unknown value
R11=0x00000fde2c3e0400 is an unknown value
R12=0x0000600000ce4050 points into unknown readable memory: 0x0000000000000000 | 00 00 00 00 00 00 00 00
R13=0x0 is NULL
R14=0x0 is NULL
R15=0x000000010bf13604 points into unknown readable memory: 50 4b 01 02


Top of Stack: (sp=0x000070000a42e0d0)
0x000070000a42e0d0:   000070000a42e0f0 000000010d601723
0x000070000a42e0e0:   00000000000013b0 0000600000b74240
0x000070000a42e0f0:   000070000a42e130 000000010d3279ca
0x000070000a42e100:   0000600001a70000 000070000a42e3b8
0x000070000a42e110:   00007fde34036200 0000000000000000
0x000070000a42e120:   000000010dbe6654 000000000000002f
0x000070000a42e130:   00000000b1389224 0000600000c6ee90
0x000070000a42e140:   0000000000000a70 00007fde37808200
0x000070000a42e150:   000070000a42e1b0 000000010bf3b29c
0x000070000a42e160:   000070000a42e000 00007fde35b23130
0x000070000a42e170:   000000000000003b 0000000000000100
0x000070000a42e180:   0000600001a70000 00007fde35b23130
0x000070000a42e190:   0000600001a70000 00007fde35b23130
0x000070000a42e1a0:   000070000a42e208 000070000a42e2dc
0x000070000a42e1b0:   000070000a42e1e0 000000010bf3bd8e
0x000070000a42e1c0:   00007fde34036200 000070000a42e2dc
0x000070000a42e1d0:   0000000000000000 0000600002178060
0x000070000a42e1e0:   000070000a42e2c0 000000010d3221b8
0x000070000a42e1f0:   0000003000000018 000070000a42e220
0x000070000a42e200:   000070000a42e140 1d547069c2d2001b
0x000070000a42e210:   000070000a42e300 000000010d3261eb
0x000070000a42e220:   0000000000000000 0000000000000000
0x000070000a42e230:   00007fde35b230f0 0000000000000035
0x000070000a42e240:   0000000000000020 0000600002cac4d0
0x000070000a42e250:   0000000000000000 0000000000000000
0x000070000a42e260:   0000000000000000 0000000000000000
0x000070000a42e270:   0000000000000000 0000000000000000
0x000070000a42e280:   0000000000000000 0000000000000000
0x000070000a42e290:   1d547069c2d2001b 0000000000000000
0x000070000a42e2a0:   0000600002100030 0000000000000000
0x000070000a42e2b0:   0000600002178060 0000600002178060
0x000070000a42e2c0:   000070000a42e300 000000010d3222f0 

Instructions: (pc=0x000000010bf3b3f3)
0x000000010bf3b2f3:   eb 0f 45 31 ed 4c 8b 4d b8 44 8b 75 cc 4c 8b 55
0x000000010bf3b303:   c0 45 84 f6 74 2d 4d 85 ed 75 28 4d 85 d2 0f 8e
0x000000010bf3b313:   a9 fe ff ff 41 8d 42 ff 41 80 3c 01 2f 0f 85 9a
0x000000010bf3b323:   fe ff ff 45 31 ed eb 0b 48 c7 87 98 00 00 00 00
0x000000010bf3b333:   00 00 00 48 8b 7f 50 e8 4f 13 00 00 4c 89 e8 48
0x000000010bf3b343:   83 c4 28 5b 41 5c 41 5d 41 5e 41 5f 5d c3 66 2e
0x000000010bf3b353:   0f 1f 84 00 00 00 00 00 0f 1f 44 00 00 55 48 89
0x000000010bf3b363:   e5 39 ce 75 21 31 c0 66 0f 1f 44 00 00 85 f6 7e
0x000000010bf3b373:   19 83 c6 ff 44 0f b6 04 07 48 8d 48 01 44 3a 04
0x000000010bf3b383:   02 48 89 c8 74 e7 31 c0 eb 02 b0 01 0f b6 c0 5d
0x000000010bf3b393:   c3 66 2e 0f 1f 84 00 00 00 00 00 66 90 55 48 89
0x000000010bf3b3a3:   e5 41 57 41 56 41 55 41 54 53 48 83 ec 58 41 89
0x000000010bf3b3b3:   d5 49 89 f6 48 89 fb bf 48 00 00 00 e8 6c 13 00
0x000000010bf3b3c3:   00 48 85 c0 74 75 49 89 c4 48 c7 00 00 00 00 00
0x000000010bf3b3d3:   0f 57 c0 0f 11 40 28 80 7b 30 00 48 89 5d b0 74
0x000000010bf3b3e3:   62 4c 8b 7b 18 4d 03 7e 08 4c 2b 7b 28 45 89 ee
0x000000010bf3b3f3:   45 0f b7 6f 1c 41 0f b6 47 1e 48 89 45 d0 41 0f
0x000000010bf3b403:   b6 47 1f 48 89 45 a0 41 0f b7 47 20 48 89 45 b8
0x000000010bf3b413:   41 8b 47 0c 49 89 44 24 08 41 8b 47 18 48 89 45
0x000000010bf3b423:   88 49 89 44 24 10 66 41 83 7f 0a 00 0f 84 a7 00
0x000000010bf3b433:   00 00 41 8b 47 14 e9 a0 00 00 00 45 31 e4 e9 ce
0x000000010bf3b443:   02 00 00 4d 8b 76 08 45 85 ed 0f 84 01 02 00 00
0x000000010bf3b453:   4c 8b 7b 38 4d 85 ff 74 4a 48 8b 45 b0 48 8b 40
0x000000010bf3b463:   40 4c 39 f0 7f 3d 48 8d 88 d2 1f 00 00 4c 39 f1
0x000000010bf3b473:   7c 31 4d 01 f7 49 29 c7 48 05 00 20 00 00 41 0f
0x000000010bf3b483:   b7 4f 1c 41 0f b7 57 1e 41 0f b7 77 20 4c 01 f1
0x000000010bf3b493:   48 01 d1 48 01 f1 48 83 c1 2e 48 39 c1 0f 8e c1
0x000000010bf3b4a3:   01 00 00 48 8b 5d b0 48 89 df 4c 89 f6 ba 00 20
0x000000010bf3b4b3:   00 00 e8 46 10 00 00 48 85 c0 0f 84 ad 01 00 00
0x000000010bf3b4c3:   49 89 c7 48 8b 7b 38 e8 25 12 00 00 4c 89 7b 38
0x000000010bf3b4d3:   4c 89 73 40 e9 14 ff ff ff 31 c0 48 89 45 80 49
0x000000010bf3b4e3:   89 44 24 18 41 8b 47 10 41 89 44 24 20 41 8b 5f 


Stack slot to memory mapping:
stack at sp + 0 slots: 0x000070000a42e0f0 is pointing into the stack for thread: 0x00007fde34036200
stack at sp + 1 slots: 0x000000010d601723: jio_vsnprintf+0x13 in /Applications/IntelliJ IDEA.app/Contents/jbr/Contents/Home/lib/server/libjvm.dylib at 0x000000010d02b000
stack at sp + 2 slots: 0x00000000000013b0 is an unknown value
stack at sp + 3 slots: 0x0000600000b74240 points into unknown readable memory: 0x000000010dd41190 | 90 11 d4 0d 01 00 00 00
stack at sp + 4 slots: 0x000070000a42e130 is pointing into the stack for thread: 0x00007fde34036200
stack at sp + 5 slots: 0x000000010d3279ca: _ZN20FormatStringEventLogILm256EE4logvEP6ThreadPKcP13__va_list_tag+0x9a in /Applications/IntelliJ IDEA.app/Contents/jbr/Contents/Home/lib/server/libjvm.dylib at 0x000000010d02b000
stack at sp + 6 slots: 0x0000600001a70000 points into unknown readable memory: 0x0000600000b7c0c0 | c0 c0 b7 00 00 60 00 00
stack at sp + 7 slots: 0x000070000a42e3b8 is pointing into the stack for thread: 0x00007fde34036200


---------------  P R O C E S S  ---------------

Threads class SMR info:
_java_thread_list=0x0000600002e6d040, length=19, elements={
0x00007fde37008a00, 0x00007fde37008200, 0x00007fde39808200, 0x00007fde37830e00,
0x00007fde37009600, 0x00007fde39810800, 0x00007fde37009c00, 0x00007fde3600be00,
0x00007fde37832a00, 0x00007fde34010a00, 0x00007fde39811600, 0x00007fde34808800,
0x00007fde3500d800, 0x00007fde3501bc00, 0x00007fde360b7600, 0x00007fde3601bc00,
0x00007fde3506c000, 0x00007fde369adc00, 0x00007fde34036200
}

Java Threads: ( => current thread )
  0x00007fde37008a00 JavaThread "main" [_thread_blocked, id=9731, stack(0x0000700007fc3000,0x00007000080c3000)]
  0x00007fde37008200 JavaThread "Reference Handler" daemon [_thread_blocked, id=16131, stack(0x00007000086d8000,0x00007000087d8000)]
  0x00007fde39808200 JavaThread "Finalizer" daemon [_thread_blocked, id=17155, stack(0x00007000087db000,0x00007000088db000)]
  0x00007fde37830e00 JavaThread "Signal Dispatcher" daemon [_thread_blocked, id=42499, stack(0x00007000089e4000,0x0000700008ae4000)]
  0x00007fde37009600 JavaThread "Service Thread" daemon [_thread_blocked, id=23555, stack(0x0000700008ae7000,0x0000700008be7000)]
  0x00007fde39810800 JavaThread "Monitor Deflation Thread" daemon [_thread_blocked, id=24067, stack(0x0000700008bea000,0x0000700008cea000)]
  0x00007fde37009c00 JavaThread "C1 CompilerThread0" daemon [_thread_blocked, id=42243, stack(0x0000700008ced000,0x0000700008ded000)]
  0x00007fde3600be00 JavaThread "Sweeper thread" daemon [_thread_blocked, id=41987, stack(0x0000700008df0000,0x0000700008ef0000)]
  0x00007fde37832a00 JavaThread "Common-Cleaner" daemon [_thread_blocked, id=41731, stack(0x0000700008ef3000,0x0000700008ff3000)]
  0x00007fde34010a00 JavaThread "JDWP Transport Listener: dt_socket" daemon [_thread_blocked, id=25095, stack(0x0000700008ff6000,0x00007000090f6000)]
  0x00007fde39811600 JavaThread "JDWP Event Helper Thread" daemon [_thread_blocked, id=25347, stack(0x00007000090f9000,0x00007000091f9000)]
  0x00007fde34808800 JavaThread "JDWP Command Reader" daemon [_thread_in_native, id=40963, stack(0x00007000091fc000,0x00007000092fc000)]
  0x00007fde3500d800 JavaThread "Notification Thread" daemon [_thread_blocked, id=40707, stack(0x00007000092ff000,0x00007000093ff000)]
  0x00007fde3501bc00 JavaThread "RMI TCP Accept-0" daemon [_thread_in_native, id=26371, stack(0x0000700009402000,0x0000700009502000)]
  0x00007fde360b7600 JavaThread "Attach Listener" daemon [_thread_blocked, id=28675, stack(0x0000700009e20000,0x0000700009f20000)]
  0x00007fde3601bc00 JavaThread "RMI TCP Connection(1)-127.0.0.1" daemon [_thread_in_native, id=37379, stack(0x0000700009f23000,0x000070000a023000)]
  0x00007fde3506c000 JavaThread "RMI Scheduler(0)" daemon [_thread_blocked, id=29187, stack(0x000070000a026000,0x000070000a126000)]
  0x00007fde369adc00 JavaThread "Keep-Alive-Timer" daemon [_thread_blocked, id=22283, stack(0x000070000a22c000,0x000070000a32c000)]
=>0x00007fde34036200 JavaThread "spring.cloud.inetutils" daemon [_thread_in_native, id=29707, stack(0x000070000a32f000,0x000070000a42f000)]

Other Threads:
  0x00007fde33f05c80 VMThread "VM Thread" [stack: 0x00007000085d5000,0x00007000086d5000] [id=15619]
  0x00007fde35e155a0 WatcherThread [stack: 0x0000700009505000,0x0000700009605000] [id=26627]
  0x00007fde35e067a0 GCTaskThread "GC Thread#0" [stack: 0x00007000080c6000,0x00007000081c6000] [id=12291]
  0x00007fde3580ce70 GCTaskThread "GC Thread#1" [stack: 0x0000700009608000,0x0000700009708000] [id=39939]
  0x00007fde39211410 GCTaskThread "GC Thread#2" [stack: 0x000070000970b000,0x000070000980b000] [id=27139]
  0x00007fde33f12300 GCTaskThread "GC Thread#3" [stack: 0x000070000980e000,0x000070000990e000] [id=39427]
  0x00007fde33f12bd0 GCTaskThread "GC Thread#4" [stack: 0x0000700009911000,0x0000700009a11000] [id=27395]
  0x00007fde33f13440 GCTaskThread "GC Thread#5" [stack: 0x0000700009a14000,0x0000700009b14000] [id=27651]
  0x00007fde39211c30 GCTaskThread "GC Thread#6" [stack: 0x0000700009b17000,0x0000700009c17000] [id=38403]
  0x00007fde392124a0 GCTaskThread "GC Thread#7" [stack: 0x0000700009c1a000,0x0000700009d1a000] [id=27907]
  0x00007fde35e06e50 ConcurrentGCThread "G1 Main Marker" [stack: 0x00007000081c9000,0x00007000082c9000] [id=12547]
  0x00007fde35e076e0 ConcurrentGCThread "G1 Conc#0" [stack: 0x00007000082cc000,0x00007000083cc000] [id=13571]
  0x00007fde33f19690 ConcurrentGCThread "G1 Conc#1" [stack: 0x000070000a129000,0x000070000a229000] [id=36623]
  0x00007fde35d06240 ConcurrentGCThread "G1 Refine#0" [stack: 0x00007000083cf000,0x00007000084cf000] [id=14339]
  0x00007fde39211890 ConcurrentGCThread "G1 Refine#1" [stack: 0x0000700009d1d000,0x0000700009e1d000] [id=28163]
  0x00007fde33f04600 ConcurrentGCThread "G1 Service" [stack: 0x00007000084d2000,0x00007000085d2000] [id=14595]

Threads with active compile tasks:

VM state: not at safepoint (normal execution)

VM Mutex/Monitor currently owned by a thread: None

Heap address: 0x0000000700000000, size: 4096 MB, Compressed Oops mode: Zero based, Oop shift amount: 3

CDS archive(s) not mapped
Compressed class space mapped at: 0x0000000800000000-0x0000000840000000, reserved size: 1073741824
Narrow klass base: 0x0000000800000000, Narrow klass shift: 0, Narrow klass range: 0x40000000

GC Precious Log:
 CPUs: 8 total, 8 available
 Memory: 16384M
 Large Page Support: Disabled
 NUMA Support: Disabled
 Compressed Oops: Enabled (Zero based)
 Heap Region Size: 2M
 Heap Min Capacity: 8M
 Heap Initial Capacity: 256M
 Heap Max Capacity: 4G
 Pre-touch: Disabled
 Parallel Workers: 8
 Concurrent Workers: 2
 Concurrent Refinement Workers: 8
 Periodic GC: Disabled

Heap:
 garbage-first heap   total 49152K, used 23716K [0x0000000700000000, 0x0000000800000000)
  region size 2048K, 8 young (16384K), 1 survivors (2048K)
 Metaspace       used 28406K, committed 28672K, reserved 1114112K
  class space    used 3384K, committed 3520K, reserved 1048576K

Heap Regions: E=young(eden), S=young(survivor), O=old, HS=humongous(starts), HC=humongous(continues), CS=collection set, F=free, OA=open archive, CA=closed archive, TAMS=top-at-mark-start (previous, next)
|   0|0x0000000700000000, 0x0000000700200000, 0x0000000700200000|100%| O|  |TAMS 0x0000000700200000, 0x0000000700000000| Untracked 
|   1|0x0000000700200000, 0x0000000700400000, 0x0000000700400000|100%| O|  |TAMS 0x0000000700400000, 0x0000000700200000| Untracked 
|   2|0x0000000700400000, 0x0000000700600000, 0x0000000700600000|100%| O|  |TAMS 0x0000000700600000, 0x0000000700400000| Untracked 
|   3|0x0000000700600000, 0x0000000700600000, 0x0000000700800000|  0%| F|  |TAMS 0x0000000700600000, 0x0000000700600000| Untracked 
|   4|0x0000000700800000, 0x0000000700a00000, 0x0000000700a00000|100%| O|  |TAMS 0x0000000700800000, 0x0000000700800000| Untracked 
|   5|0x0000000700a00000, 0x0000000700c00000, 0x0000000700c00000|100%| O|  |TAMS 0x0000000700a00000, 0x0000000700a00000| Untracked 
|   6|0x0000000700c00000, 0x0000000700c99000, 0x0000000700e00000| 29%| O|  |TAMS 0x0000000700c00000, 0x0000000700c00000| Untracked 
|   7|0x0000000700e00000, 0x0000000700e00000, 0x0000000701000000|  0%| F|  |TAMS 0x0000000700e00000, 0x0000000700e00000| Untracked 
|   8|0x0000000701000000, 0x0000000701000000, 0x0000000701200000|  0%| F|  |TAMS 0x0000000701000000, 0x0000000701000000| Untracked 
|   9|0x0000000701200000, 0x0000000701200000, 0x0000000701400000|  0%| F|  |TAMS 0x0000000701200000, 0x0000000701200000| Untracked 
|  10|0x0000000701400000, 0x0000000701400000, 0x0000000701600000|  0%| F|  |TAMS 0x0000000701400000, 0x0000000701400000| Untracked 
|  11|0x0000000701600000, 0x0000000701600000, 0x0000000701800000|  0%| F|  |TAMS 0x0000000701600000, 0x0000000701600000| Untracked 
|  12|0x0000000701800000, 0x0000000701800000, 0x0000000701a00000|  0%| F|  |TAMS 0x0000000701800000, 0x0000000701800000| Untracked 
|  13|0x0000000701a00000, 0x0000000701a00000, 0x0000000701c00000|  0%| F|  |TAMS 0x0000000701a00000, 0x0000000701a00000| Untracked 
|  14|0x0000000701c00000, 0x0000000701c00000, 0x0000000701e00000|  0%| F|  |TAMS 0x0000000701c00000, 0x0000000701c00000| Untracked 
|  15|0x0000000701e00000, 0x0000000701e00000, 0x0000000702000000|  0%| F|  |TAMS 0x0000000701e00000, 0x0000000701e00000| Untracked 
|  16|0x0000000702000000, 0x000000070204be28, 0x0000000702200000| 14%| E|  |TAMS 0x0000000702000000, 0x0000000702000000| Complete 
|  17|0x0000000702200000, 0x0000000702400000, 0x0000000702400000|100%| E|CS|TAMS 0x0000000702200000, 0x0000000702200000| Complete 
|  18|0x0000000702400000, 0x0000000702600000, 0x0000000702600000|100%| E|CS|TAMS 0x0000000702400000, 0x0000000702400000| Complete 
|  19|0x0000000702600000, 0x0000000702800000, 0x0000000702800000|100%| E|CS|TAMS 0x0000000702600000, 0x0000000702600000| Complete 
|  20|0x0000000702800000, 0x0000000702a00000, 0x0000000702a00000|100%| E|CS|TAMS 0x0000000702800000, 0x0000000702800000| Complete 
| 120|0x000000070f000000, 0x000000070f200000, 0x000000070f200000|100%| E|CS|TAMS 0x000000070f000000, 0x000000070f000000| Complete 
| 121|0x000000070f200000, 0x000000070f290198, 0x000000070f400000| 28%| S|CS|TAMS 0x000000070f200000, 0x000000070f200000| Complete 
| 127|0x000000070fe00000, 0x0000000710000000, 0x0000000710000000|100%| E|CS|TAMS 0x000000070fe00000, 0x000000070fe00000| Complete 

Card table byte_map: [0x000000011491b000,0x000000011511b000] _byte_map_base: 0x000000011111b000

Marking Bits (Prev, Next): (CMBitMap*) 0x00007fde3781f050, (CMBitMap*) 0x00007fde3781f010
 Prev Bits: [0x0000000119e66000, 0x000000011de66000)
 Next Bits: [0x000000011591b000, 0x000000011991b000)

Polling page: 0x000000010beef000

Metaspace:

Usage:
  Non-class:     24.44 MB used.
      Class:      3.30 MB used.
       Both:     27.74 MB used.

Virtual space:
  Non-class space:       64.00 MB reserved,      24.56 MB ( 38%) committed,  1 nodes.
      Class space:        1.00 GB reserved,       3.44 MB ( <1%) committed,  1 nodes.
             Both:        1.06 GB reserved,      28.00 MB (  3%) committed. 

Chunk freelists:
   Non-Class:  6.72 MB
       Class:  12.42 MB
        Both:  19.14 MB

MaxMetaspaceSize: unlimited
CompressedClassSpaceSize: 1.00 GB
Initial GC threshold: 21.00 MB
Current GC threshold: 35.12 MB
CDS: off
MetaspaceReclaimPolicy: balanced
 - commit_granule_bytes: 65536.
 - commit_granule_words: 8192.
 - virtual_space_node_default_size: 8388608.
 - enlarge_chunks_in_place: 1.
 - new_chunks_are_fully_committed: 0.
 - uncommit_free_chunks: 1.
 - use_allocation_guard: 0.
 - handle_deallocations: 1.


Internal statistics:

num_allocs_failed_limit: 3.
num_arena_births: 304.
num_arena_deaths: 0.
num_vsnodes_births: 2.
num_vsnodes_deaths: 0.
num_space_committed: 448.
num_space_uncommitted: 0.
num_chunks_returned_to_freelist: 3.
num_chunks_taken_from_freelist: 887.
num_chunk_merges: 3.
num_chunk_splits: 590.
num_chunks_enlarged: 432.
num_inconsistent_stats: 0.

CodeCache: size=49152Kb used=4644Kb max_used=4644Kb free=44507Kb
 bounds [0x000000011191b000, 0x0000000111dab000, 0x000000011491b000]
 total_blobs=2719 nmethods=2217 adapters=430
 compilation: enabled
              stopped_count=0, restarted_count=0
 full_count=0

Compilation events (20 events):
Event: 6.399 Thread 0x00007fde37009c00 2208       1       org.springframework.util.ConcurrentReferenceHashMap$SoftEntryReference::<init> (18 bytes)
Event: 6.399 Thread 0x00007fde37009c00 nmethod 2208 0x0000000111d9f990 code [0x0000000111d9fb40, 0x0000000111d9fd50]
Event: 6.399 Thread 0x00007fde37009c00 2209   !   1       java.lang.Class::getEnumConstantsShared (71 bytes)
Event: 6.401 Thread 0x00007fde37009c00 nmethod 2209 0x0000000111d9fe10 code [0x0000000111da0060, 0x0000000111da0810]
Event: 6.401 Thread 0x00007fde37009c00 2210       1       java.util.LinkedHashMap::afterNodeAccess (116 bytes)
Event: 6.401 Thread 0x00007fde37009c00 nmethod 2210 0x0000000111da0d90 code [0x0000000111da0f60, 0x0000000111da13d0]
Event: 6.401 Thread 0x00007fde37009c00 2214       1       org.springframework.boot.context.properties.source.SpringConfigurationPropertySource::getUnderlyingSource (5 bytes)
Event: 6.401 Thread 0x00007fde37009c00 nmethod 2214 0x0000000111da1590 code [0x0000000111da1720, 0x0000000111da17f0]
Event: 6.401 Thread 0x00007fde37009c00 2211       1       org.springframework.core.BridgeMethodResolver::findBridgedMethod (9 bytes)
Event: 6.401 Thread 0x00007fde37009c00 nmethod 2211 0x0000000111da1890 code [0x0000000111da1a20, 0x0000000111da1ae0]
Event: 6.401 Thread 0x00007fde37009c00 2212       1       org.springframework.core.BridgeMethodResolver::resolveBridgeMethod (165 bytes)
Event: 6.402 Thread 0x00007fde37009c00 nmethod 2212 0x0000000111da1b90 code [0x0000000111da1dc0, 0x0000000111da2330]
Event: 6.402 Thread 0x00007fde37009c00 2215       1       org.springframework.boot.context.properties.source.SpringConfigurationPropertySources$SourcesIterator::hasNext (13 bytes)
Event: 6.403 Thread 0x00007fde37009c00 nmethod 2215 0x0000000111da2790 code [0x0000000111da2920, 0x0000000111da2a20]
Event: 6.403 Thread 0x00007fde37009c00 2213       1       org.springframework.boot.context.properties.bind.JavaBeanBinder$BeanProperties::isCandidate (83 bytes)
Event: 6.403 Thread 0x00007fde37009c00 nmethod 2213 0x0000000111da2a90 code [0x0000000111da2c40, 0x0000000111da2ef0]
Event: 6.425 Thread 0x00007fde37009c00 2216       1       java.lang.Object::<init> (1 bytes)
Event: 6.426 Thread 0x00007fde37009c00 nmethod 2216 0x0000000111da3090 code [0x0000000111da3220, 0x0000000111da32f0]
Event: 6.430 Thread 0x00007fde37009c00 2217       1       java.lang.Module::canRead (86 bytes)
Event: 6.432 Thread 0x00007fde37009c00 nmethod 2217 0x0000000111da3390 code [0x0000000111da3620, 0x0000000111da3f40]

GC Heap History (10 events):
Event: 3.071 GC heap before
{Heap before GC invocations=0 (full 0):
 garbage-first heap   total 262144K, used 20480K [0x0000000700000000, 0x0000000800000000)
  region size 2048K, 11 young (22528K), 0 survivors (0K)
 Metaspace       used 14662K, committed 14784K, reserved 1114112K
  class space    used 1530K, committed 1600K, reserved 1048576K
}
Event: 3.079 GC heap after
{Heap after GC invocations=1 (full 0):
 garbage-first heap   total 262144K, used 7573K [0x0000000700000000, 0x0000000800000000)
  region size 2048K, 2 young (4096K), 2 survivors (4096K)
 Metaspace       used 14662K, committed 14784K, reserved 1114112K
  class space    used 1530K, committed 1600K, reserved 1048576K
}
Event: 3.945 GC heap before
{Heap before GC invocations=1 (full 0):
 garbage-first heap   total 262144K, used 26005K [0x0000000700000000, 0x0000000800000000)
  region size 2048K, 11 young (22528K), 2 survivors (4096K)
 Metaspace       used 19284K, committed 19456K, reserved 1114112K
  class space    used 2167K, committed 2240K, reserved 1048576K
}
Event: 3.954 GC heap after
{Heap after GC invocations=2 (full 0):
 garbage-first heap   total 262144K, used 9583K [0x0000000700000000, 0x0000000800000000)
  region size 2048K, 1 young (2048K), 1 survivors (2048K)
 Metaspace       used 19284K, committed 19456K, reserved 1114112K
  class space    used 2167K, committed 2240K, reserved 1048576K
}
Event: 4.489 GC heap before
{Heap before GC invocations=2 (full 0):
 garbage-first heap   total 262144K, used 19823K [0x0000000700000000, 0x0000000800000000)
  region size 2048K, 7 young (14336K), 1 survivors (2048K)
 Metaspace       used 21282K, committed 21504K, reserved 1114112K
  class space    used 2497K, committed 2624K, reserved 1048576K
}
Event: 4.492 GC heap after
{Heap after GC invocations=3 (full 0):
 garbage-first heap   total 262144K, used 10147K [0x0000000700000000, 0x0000000800000000)
  region size 2048K, 2 young (4096K), 2 survivors (4096K)
 Metaspace       used 21282K, committed 21504K, reserved 1114112K
  class space    used 2497K, committed 2624K, reserved 1048576K
}
Event: 5.337 GC heap before
{Heap before GC invocations=4 (full 0):
 garbage-first heap   total 49152K, used 32675K [0x0000000700000000, 0x0000000800000000)
  region size 2048K, 14 young (28672K), 2 survivors (4096K)
 Metaspace       used 25770K, committed 25984K, reserved 1114112K
  class space    used 3011K, committed 3136K, reserved 1048576K
}
Event: 5.346 GC heap after
{Heap after GC invocations=5 (full 0):
 garbage-first heap   total 49152K, used 11281K [0x0000000700000000, 0x0000000800000000)
  region size 2048K, 2 young (4096K), 2 survivors (4096K)
 Metaspace       used 25770K, committed 25984K, reserved 1114112K
  class space    used 3011K, committed 3136K, reserved 1048576K
}
Event: 5.483 GC heap before
{Heap before GC invocations=5 (full 0):
 garbage-first heap   total 49152K, used 13329K [0x0000000700000000, 0x0000000800000000)
  region size 2048K, 3 young (6144K), 2 survivors (4096K)
 Metaspace       used 26184K, committed 26560K, reserved 1114112K
  class space    used 3086K, committed 3264K, reserved 1048576K
}
Event: 5.493 GC heap after
{Heap after GC invocations=6 (full 0):
 garbage-first heap   total 49152K, used 11428K [0x0000000700000000, 0x0000000800000000)
  region size 2048K, 1 young (2048K), 1 survivors (2048K)
 Metaspace       used 26184K, committed 26560K, reserved 1114112K
  class space    used 3086K, committed 3264K, reserved 1048576K
}

Dll operation events (10 events):
Event: 0.014 Loaded shared library /Applications/IntelliJ IDEA.app/Contents/jbr/Contents/Home/lib/libjava.dylib
Event: 0.015 Loaded shared library /Applications/IntelliJ IDEA.app/Contents/jbr/Contents/Home/lib/libzip.dylib
Event: 0.347 Loaded shared library /Applications/IntelliJ IDEA.app/Contents/jbr/Contents/Home/lib/libinstrument.dylib
Event: 0.386 Loaded shared library /Applications/IntelliJ IDEA.app/Contents/jbr/Contents/Home/lib/libnio.dylib
Event: 0.436 Loaded shared library /Applications/IntelliJ IDEA.app/Contents/jbr/Contents/Home/lib/libzip.dylib
Event: 0.933 Loaded shared library /Applications/IntelliJ IDEA.app/Contents/jbr/Contents/Home/lib/libjimage.dylib
Event: 1.070 Loaded shared library /Applications/IntelliJ IDEA.app/Contents/jbr/Contents/Home/lib/libnet.dylib
Event: 1.939 Loaded shared library /Applications/IntelliJ IDEA.app/Contents/jbr/Contents/Home/lib/libmanagement.dylib
Event: 2.052 Loaded shared library /Applications/IntelliJ IDEA.app/Contents/jbr/Contents/Home/lib/libmanagement_ext.dylib
Event: 2.927 Loaded shared library /Applications/IntelliJ IDEA.app/Contents/jbr/Contents/Home/lib/libextnet.dylib

Deoptimization events (20 events):
Event: 4.685 Thread 0x00007fde37008a00 DEOPT PACKING pc=0x0000000111bc05e4 sp=0x00007000080c0980
Event: 4.685 Thread 0x00007fde37008a00 DEOPT UNPACKING pc=0x0000000111971e2f sp=0x00007000080bfe38 mode 1
Event: 4.685 Thread 0x00007fde37008a00 DEOPT PACKING pc=0x0000000111bc009c sp=0x00007000080c0a50
Event: 4.685 Thread 0x00007fde37008a00 DEOPT UNPACKING pc=0x0000000111971e2f sp=0x00007000080bff28 mode 1
Event: 4.685 Thread 0x00007fde37008a00 DEOPT PACKING pc=0x0000000111b85174 sp=0x00007000080c1160
Event: 4.685 Thread 0x00007fde37008a00 DEOPT UNPACKING pc=0x0000000111971e2f sp=0x00007000080c0670 mode 1
Event: 4.686 Thread 0x00007fde37008a00 DEOPT PACKING pc=0x0000000111bc05e4 sp=0x00007000080c0980
Event: 4.686 Thread 0x00007fde37008a00 DEOPT UNPACKING pc=0x0000000111971e2f sp=0x00007000080bfe38 mode 1
Event: 4.686 Thread 0x00007fde37008a00 DEOPT PACKING pc=0x0000000111bc009c sp=0x00007000080c0a50
Event: 4.686 Thread 0x00007fde37008a00 DEOPT UNPACKING pc=0x0000000111971e2f sp=0x00007000080bff28 mode 1
Event: 4.686 Thread 0x00007fde37008a00 DEOPT PACKING pc=0x0000000111b85174 sp=0x00007000080c1160
Event: 4.686 Thread 0x00007fde37008a00 DEOPT UNPACKING pc=0x0000000111971e2f sp=0x00007000080c0670 mode 1
Event: 4.705 Thread 0x00007fde37008a00 DEOPT PACKING pc=0x0000000111bc05e4 sp=0x00007000080c06d0
Event: 4.705 Thread 0x00007fde37008a00 DEOPT UNPACKING pc=0x0000000111971e2f sp=0x00007000080bfb88 mode 1
Event: 4.705 Thread 0x00007fde37008a00 DEOPT PACKING pc=0x0000000111bc009c sp=0x00007000080c07a0
Event: 4.705 Thread 0x00007fde37008a00 DEOPT UNPACKING pc=0x0000000111971e2f sp=0x00007000080bfc78 mode 1
Event: 4.705 Thread 0x00007fde37008a00 DEOPT PACKING pc=0x0000000111b85174 sp=0x00007000080c0eb0
Event: 4.705 Thread 0x00007fde37008a00 DEOPT UNPACKING pc=0x0000000111971e2f sp=0x00007000080c03c0 mode 1
Event: 5.508 Thread 0x00007fde37008a00 DEOPT PACKING pc=0x0000000111ac6a3c sp=0x00007000080c1640
Event: 5.508 Thread 0x00007fde37008a00 DEOPT UNPACKING pc=0x0000000111971e2f sp=0x00007000080c0b58 mode 0

Classes unloaded (0 events):
No events

Classes redefined (0 events):
No events

Internal exceptions (20 events):
Event: 4.300 Thread 0x00007fde37008a00 Exception <a 'java/lang/NoSuchMethodError'{0x000000070f964370}: 'void java.lang.invoke.DirectMethodHandle$Holder.invokeSpecial(java.lang.Object, java.lang.Object, java.lang.Object, java.lang.Object, java.lang.Object, java.lang.Object)'> (0x000000070f964370) 
thrown [src/hotspot/share/interpreter/linkResolver.cpp, line 771]
Event: 4.437 Thread 0x00007fde37008a00 Exception <a 'java/lang/NoSuchMethodError'{0x000000070f749038}: 'java.lang.Object java.lang.invoke.DirectMethodHandle$Holder.invokeSpecial(java.lang.Object, java.lang.Object, java.lang.Object, int, java.lang.Object)'> (0x000000070f749038) 
thrown [src/hotspot/share/interpreter/linkResolver.cpp, line 771]
Event: 4.439 Thread 0x00007fde37008a00 Exception <a 'java/lang/NoSuchMethodError'{0x000000070f7515a0}: 'java.lang.Object java.lang.invoke.DirectMethodHandle$Holder.newInvokeSpecial(java.lang.Object, java.lang.Object, java.lang.Object, int, java.lang.Object)'> (0x000000070f7515a0) 
thrown [src/hotspot/share/interpreter/linkResolver.cpp, line 771]
Event: 4.441 Thread 0x00007fde37008a00 Exception <a 'java/lang/NoSuchMethodError'{0x000000070f764088}: 'java.lang.Object java.lang.invoke.DirectMethodHandle$Holder.newInvokeSpecial(java.lang.Object, int, java.lang.Object)'> (0x000000070f764088) 
thrown [src/hotspot/share/interpreter/linkResolver.cpp, line 771]
Event: 4.441 Thread 0x00007fde37008a00 Exception <a 'java/lang/NoSuchMethodError'{0x000000070f768160}: 'int java.lang.invoke.DirectMethodHandle$Holder.invokeSpecialIFC(java.lang.Object, java.lang.Object, java.lang.Object, java.lang.Object)'> (0x000000070f768160) 
thrown [src/hotspot/share/interpreter/linkResolver.cpp, line 771]
Event: 4.466 Thread 0x00007fde3601bc00 Exception <a 'java/lang/reflect/InvocationTargetException'{0x000000070fe0bec8}> (0x000000070fe0bec8) 
thrown [src/hotspot/share/runtime/reflection.cpp, line 1127]
Event: 4.475 Thread 0x00007fde37008a00 Exception <a 'java/lang/NoSuchMethodError'{0x000000070f7c91e8}: 'java.lang.Object java.lang.invoke.DirectMethodHandle$Holder.invokeStatic(java.lang.Object, java.lang.Object, int)'> (0x000000070f7c91e8) 
thrown [src/hotspot/share/interpreter/linkResolver.cpp, line 771]
Event: 4.476 Thread 0x00007fde37008a00 Exception <a 'java/lang/NoSuchMethodError'{0x000000070f7d4f28}: 'void java.lang.invoke.DelegatingMethodHandle$Holder.delegate(java.lang.Object, java.lang.Object, int, java.lang.Object)'> (0x000000070f7d4f28) 
thrown [src/hotspot/share/interpreter/linkResolver.cpp, line 771]
Event: 4.977 Thread 0x00007fde3601bc00 Exception <a 'java/lang/reflect/InvocationTargetException'{0x0000000701d0c070}> (0x0000000701d0c070) 
thrown [src/hotspot/share/runtime/reflection.cpp, line 1127]
Event: 5.421 Thread 0x00007fde37008a00 Exception <a 'java/lang/NoSuchMethodError'{0x000000070ff04110}: 'long java.lang.invoke.DirectMethodHandle$Holder.invokeSpecial(java.lang.Object, java.lang.Object)'> (0x000000070ff04110) 
thrown [src/hotspot/share/interpreter/linkResolver.cpp, line 771]
Event: 5.423 Thread 0x00007fde37008a00 Exception <a 'java/lang/NoSuchMethodError'{0x000000070ff0f6a0}: 'long java.lang.invoke.DirectMethodHandle$Holder.invokeStatic(java.lang.Object, java.lang.Object)'> (0x000000070ff0f6a0) 
thrown [src/hotspot/share/interpreter/linkResolver.cpp, line 771]
Event: 5.424 Thread 0x00007fde37008a00 Exception <a 'java/lang/NoSuchMethodError'{0x000000070ff12f48}: 'long java.lang.invoke.DirectMethodHandle$Holder.invokeStaticInit(java.lang.Object, java.lang.Object)'> (0x000000070ff12f48) 
thrown [src/hotspot/share/interpreter/linkResolver.cpp, line 771]
Event: 5.427 Thread 0x00007fde37008a00 Exception <a 'java/lang/NoSuchMethodError'{0x000000070ff20eb0}: 'long java.lang.invoke.DirectMethodHandle$Holder.invokeInterface(java.lang.Object, java.lang.Object)'> (0x000000070ff20eb0) 
thrown [src/hotspot/share/interpreter/linkResolver.cpp, line 771]
Event: 5.427 Thread 0x00007fde37008a00 Exception <a 'java/lang/IncompatibleClassChangeError'{0x000000070ff24758}: Found class java.lang.Object, but interface was expected> (0x000000070ff24758) 
thrown [src/hotspot/share/interpreter/linkResolver.cpp, line 838]
Event: 5.461 Thread 0x00007fde37008a00 Exception <a 'java/lang/NoSuchMethodError'{0x000000070ffb3418}: 'java.lang.Object java.lang.invoke.DirectMethodHandle$Holder.invokeVirtual(java.lang.Object, java.lang.Object, java.lang.Object, java.lang.Object)'> (0x000000070ffb3418) 
thrown [src/hotspot/share/interpreter/linkResolver.cpp, line 771]
Event: 5.498 Thread 0x00007fde3601bc00 Exception <a 'java/lang/reflect/InvocationTargetException'{0x000000070fe673a8}> (0x000000070fe673a8) 
thrown [src/hotspot/share/runtime/reflection.cpp, line 1127]
Event: 5.505 Thread 0x00007fde37008a00 Exception <a 'java/lang/NoSuchMethodError'{0x000000070fe30e68}: 'void java.lang.invoke.DirectMethodHandle$Holder.invokeVirtual(java.lang.Object, java.lang.Object, java.lang.Object, java.lang.Object)'> (0x000000070fe30e68) 
thrown [src/hotspot/share/interpreter/linkResolver.cpp, line 771]
Event: 5.802 Thread 0x00007fde37008a00 Exception <a 'java/lang/NoSuchMethodError'{0x000000070261c0e8}: 'int java.lang.invoke.DirectMethodHandle$Holder.invokeVirtual(java.lang.Object, java.lang.Object, java.lang.Object)'> (0x000000070261c0e8) 
thrown [src/hotspot/share/interpreter/linkResolver.cpp, line 771]
Event: 6.008 Thread 0x00007fde3601bc00 Exception <a 'java/lang/reflect/InvocationTargetException'{0x00000007026a0f48}> (0x00000007026a0f48) 
thrown [src/hotspot/share/runtime/reflection.cpp, line 1127]
Event: 6.247 Thread 0x00007fde37008a00 Exception <a 'java/lang/NoSuchMethodError'{0x0000000702503fc8}: 'void java.lang.invoke.DirectMethodHandle$Holder.invokeInterface(java.lang.Object, java.lang.Object, java.lang.Object)'> (0x0000000702503fc8) 
thrown [src/hotspot/share/interpreter/linkResolver.cpp, line 771]

VM Operations (20 events):
Event: 4.671 Executing VM operation: HandshakeAllThreads
Event: 4.671 Executing VM operation: HandshakeAllThreads done
Event: 4.672 Executing VM operation: HandshakeAllThreads
Event: 4.672 Executing VM operation: HandshakeAllThreads done
Event: 4.916 Executing VM operation: HandshakeAllThreads
Event: 4.916 Executing VM operation: HandshakeAllThreads done
Event: 5.337 Executing VM operation: G1CollectForAllocation
Event: 5.347 Executing VM operation: G1CollectForAllocation done
Event: 5.482 Executing VM operation: G1CollectForAllocation
Event: 5.493 Executing VM operation: G1CollectForAllocation done
Event: 5.507 Executing VM operation: HandshakeAllThreads
Event: 5.507 Executing VM operation: HandshakeAllThreads done
Event: 5.508 Executing VM operation: HandshakeAllThreads
Event: 5.508 Executing VM operation: HandshakeAllThreads done
Event: 5.648 Executing VM operation: HandshakeAllThreads
Event: 5.648 Executing VM operation: HandshakeAllThreads done
Event: 6.100 Executing VM operation: HandshakeAllThreads
Event: 6.100 Executing VM operation: HandshakeAllThreads done
Event: 6.406 Executing VM operation: HandshakeAllThreads
Event: 6.406 Executing VM operation: HandshakeAllThreads done

Events (20 events):
Event: 6.397 loading class org/springframework/cloud/commons/util/InetUtilsProperties done
Event: 6.398 loading class org/springframework/boot/context/properties/bind/Bindable
Event: 6.398 loading class org/springframework/boot/context/properties/bind/Bindable done
Event: 6.402 loading class org/springframework/cloud/commons/util/InetUtils
Event: 6.402 loading class org/springframework/cloud/commons/util/InetUtils done
Event: 6.405 loading class java/util/concurrent/Executors$FinalizableDelegatedExecutorService
Event: 6.405 loading class java/util/concurrent/Executors$DelegatedExecutorService
Event: 6.406 loading class java/util/concurrent/Executors$DelegatedExecutorService done
Event: 6.406 loading class java/util/concurrent/Executors$FinalizableDelegatedExecutorService done
Event: 6.410 loading class java/net/InterfaceAddress
Event: 6.410 loading class java/net/InterfaceAddress done
Event: 6.411 loading class java/net/DefaultInterface
Event: 6.411 loading class java/net/DefaultInterface done
Event: 6.415 loading class java/net/NetworkInterface$1
Event: 6.415 loading class java/net/NetworkInterface$1 done
Event: 6.429 loading class org/springframework/cloud/commons/util/InetUtils$HostInfo
Event: 6.429 loading class org/springframework/cloud/commons/util/InetUtils$HostInfo done
Event: 6.431 Thread 0x00007fde34036200 Thread added: 0x00007fde34036200
Event: 6.431 Protecting memory [0x000070000a32f000,0x000070000a333000] with protection modes 0
Event: 6.432 loading class com/intellij/rt/debugger/agent/CaptureStorage$HardKey


Dynamic libraries:
0x000000010becd000 	/Applications/IntelliJ IDEA.app/Contents/jbr/Contents/Home/lib/libjli.dylib
0x00007ff823193000 	/usr/lib/libz.1.dylib
0x00007ff823273000 	/usr/lib/libSystem.B.dylib
0x00007ff82326e000 	/usr/lib/system/libcache.dylib
0x00007ff82322a000 	/usr/lib/system/libcommonCrypto.dylib
0x00007ff823253000 	/usr/lib/system/libcompiler_rt.dylib
0x00007ff823249000 	/usr/lib/system/libcopyfile.dylib
0x00007ff8181fb000 	/usr/lib/system/libcorecrypto.dylib
0x00007ff8182b9000 	/usr/lib/system/libdispatch.dylib
0x00007ff81847a000 	/usr/lib/system/libdyld.dylib
0x00007ff823265000 	/usr/lib/system/libkeymgr.dylib
0x00007ff823208000 	/usr/lib/system/libmacho.dylib
0x00007ff822889000 	/usr/lib/system/libquarantine.dylib
0x00007ff823263000 	/usr/lib/system/libremovefile.dylib
0x00007ff81d413000 	/usr/lib/system/libsystem_asl.dylib
0x00007ff8181a4000 	/usr/lib/system/libsystem_blocks.dylib
0x00007ff81833e000 	/usr/lib/system/libsystem_c.dylib
0x00007ff82325b000 	/usr/lib/system/libsystem_collections.dylib
0x00007ff821b3d000 	/usr/lib/system/libsystem_configuration.dylib
0x00007ff820de6000 	/usr/lib/system/libsystem_containermanager.dylib
0x00007ff822f40000 	/usr/lib/system/libsystem_coreservices.dylib
0x00007ff81aab1000 	/usr/lib/system/libsystem_darwin.dylib
0x00007ff823266000 	/usr/lib/system/libsystem_dnssd.dylib
0x00007ff81833b000 	/usr/lib/system/libsystem_featureflags.dylib
0x00007ff818490000 	/usr/lib/system/libsystem_info.dylib
0x00007ff8231a6000 	/usr/lib/system/libsystem_m.dylib
0x00007ff81828d000 	/usr/lib/system/libsystem_malloc.dylib
0x00007ff81d3ae000 	/usr/lib/system/libsystem_networkextension.dylib
0x00007ff81aedb000 	/usr/lib/system/libsystem_notify.dylib
0x00007ff8294e7000 	/usr/lib/system/libsystem_product_info_filter.dylib
0x00007ff821b41000 	/usr/lib/system/libsystem_sandbox.dylib
0x00007ff823260000 	/usr/lib/system/libsystem_secinit.dylib
0x00007ff818436000 	/usr/lib/system/libsystem_kernel.dylib
0x00007ff818486000 	/usr/lib/system/libsystem_platform.dylib
0x00007ff81846e000 	/usr/lib/system/libsystem_pthread.dylib
0x00007ff81ec62000 	/usr/lib/system/libsystem_symptoms.dylib
0x00007ff8181e2000 	/usr/lib/system/libsystem_trace.dylib
0x00007ff823236000 	/usr/lib/system/libunwind.dylib
0x00007ff8181a6000 	/usr/lib/system/libxpc.dylib
0x00007ff818420000 	/usr/lib/libc++abi.dylib
0x00007ff818300000 	/usr/lib/libobjc.A.dylib
0x00007ff823241000 	/usr/lib/liboah.dylib
0x00007ff8183c7000 	/usr/lib/libc++.1.dylib
0x00007ff82f2fc000 	/System/Library/Frameworks/Cocoa.framework/Versions/A/Cocoa
0x00007ff81af39000 	/System/Library/Frameworks/AppKit.framework/Versions/C/AppKit
0x00007ff81e44f000 	/System/Library/Frameworks/CoreData.framework/Versions/A/CoreData
0x00007ff819338000 	/System/Library/Frameworks/Foundation.framework/Versions/C/Foundation
0x00007ff81bdc9000 	/System/Library/PrivateFrameworks/UIFoundation.framework/Versions/A/UIFoundation
0x00007ff8291ea000 	/System/Library/PrivateFrameworks/RemoteViewServices.framework/Versions/A/RemoteViewServices
0x00007ff8214c6000 	/System/Library/PrivateFrameworks/XCTTargetBootstrap.framework/Versions/A/XCTTargetBootstrap
0x00007ff825080000 	/System/Library/PrivateFrameworks/InternationalSupport.framework/Versions/A/InternationalSupport
0x00007ff82510a000 	/System/Library/PrivateFrameworks/UserActivity.framework/Versions/A/UserActivity
0x00007ff82445b000 	/usr/lib/libspindump.dylib
0x00007ff81c058000 	/System/Library/Frameworks/UniformTypeIdentifiers.framework/Versions/A/UniformTypeIdentifiers
0x00007ff81fbeb000 	/usr/lib/libapp_launch_measurement.dylib
0x00007ff81ee22000 	/System/Library/PrivateFrameworks/CoreAnalytics.framework/Versions/A/CoreAnalytics
0x00007ff81fbee000 	/System/Library/PrivateFrameworks/CoreAutoLayout.framework/Versions/A/CoreAutoLayout
0x00007ff820e1e000 	/System/Library/Frameworks/Metal.framework/Versions/A/Metal
0x00007ff821b4d000 	/usr/lib/liblangid.dylib
0x00007ff8214cb000 	/System/Library/PrivateFrameworks/CoreSVG.framework/Versions/A/CoreSVG
0x00007ff81d443000 	/System/Library/PrivateFrameworks/SkyLight.framework/Versions/A/SkyLight
0x00007ff81d7e2000 	/System/Library/Frameworks/CoreGraphics.framework/Versions/A/CoreGraphics
0x00007ff8298aa000 	/System/Library/Frameworks/Accelerate.framework/Versions/A/Accelerate
0x00007ff823eda000 	/System/Library/PrivateFrameworks/IconServices.framework/Versions/A/IconServices
0x00007ff820e03000 	/System/Library/Frameworks/IOSurface.framework/Versions/A/IOSurface
0x00007ff81ee50000 	/usr/lib/libDiagnosticMessagesClient.dylib
0x00007ff82cfa0000 	/System/Library/Frameworks/ApplicationServices.framework/Versions/A/ApplicationServices
0x00007ff8214b2000 	/System/Library/PrivateFrameworks/DFRFoundation.framework/Versions/A/DFRFoundation
0x00007ff81a81d000 	/usr/lib/libicucore.A.dylib
0x00007ff825e76000 	/System/Library/Frameworks/AudioToolbox.framework/Versions/A/AudioToolbox
0x00007ff82508c000 	/System/Library/PrivateFrameworks/DataDetectorsCore.framework/Versions/A/DataDetectorsCore
0x00007ff92158e000 	/System/Library/PrivateFrameworks/TextInput.framework/Versions/A/TextInput
0x00007ff81d3c6000 	/usr/lib/libMobileGestalt.dylib
0x00007ff8211be000 	/System/Library/Frameworks/Carbon.framework/Versions/A/Frameworks/HIToolbox.framework/Versions/A/HIToolbox
0x00007ff81f5ed000 	/System/Library/Frameworks/QuartzCore.framework/Versions/A/QuartzCore
0x00007ff81a4c2000 	/System/Library/Frameworks/Security.framework/Versions/A/Security
0x00007ff829222000 	/System/Library/Frameworks/Carbon.framework/Versions/A/Frameworks/SpeechRecognition.framework/Versions/A/SpeechRecognition
0x00007ff81f94b000 	/System/Library/PrivateFrameworks/CoreUI.framework/Versions/A/CoreUI
0x00007ff819d8c000 	/System/Library/Frameworks/CoreAudio.framework/Versions/A/CoreAudio
0x00007ff81ef3f000 	/System/Library/Frameworks/DiskArbitration.framework/Versions/A/DiskArbitration
0x00007ff82484c000 	/System/Library/PrivateFrameworks/MultitouchSupport.framework/Versions/A/MultitouchSupport
0x00007ff81d3c5000 	/usr/lib/libenergytrace.dylib
0x00007ff81ae21000 	/System/Library/Frameworks/IOKit.framework/Versions/A/IOKit
0x00007ff829612000 	/System/Library/Frameworks/CoreServices.framework/Versions/A/CoreServices
0x00007ff81fb85000 	/System/Library/PrivateFrameworks/PerformanceAnalysis.framework/Versions/A/PerformanceAnalysis
0x00007ffa31260000 	/System/Library/Frameworks/OpenGL.framework/Versions/A/OpenGL
0x00007ff8227af000 	/System/Library/PrivateFrameworks/MobileKeyBag.framework/Versions/A/MobileKeyBag
0x00007ff81deae000 	/System/Library/Frameworks/ColorSync.framework/Versions/A/ColorSync
0x00007ff8184bb000 	/System/Library/Frameworks/CoreFoundation.framework/Versions/A/CoreFoundation
0x00007ff821743000 	/System/Library/Frameworks/CoreImage.framework/Versions/A/CoreImage
0x00007ff819ba0000 	/System/Library/Frameworks/CoreText.framework/Versions/A/CoreText
0x00007ff8214fb000 	/System/Library/Frameworks/ImageIO.framework/Versions/A/ImageIO
0x00007ff823279000 	/System/Library/PrivateFrameworks/SoftLinking.framework/Versions/A/SoftLinking
0x00007ff81fc36000 	/usr/lib/libxml2.2.dylib
0x00007ff8234fd000 	/usr/lib/libcompression.dylib
0x00007ff824fb3000 	/System/Library/PrivateFrameworks/TextureIO.framework/Versions/A/TextureIO
0x00007ff823beb000 	/usr/lib/libate.dylib
0x00007ff8239c7000 	/usr/lib/liblzma.5.dylib
0x00007ff81904a000 	/System/Library/Frameworks/SystemConfiguration.framework/Versions/A/SystemConfiguration
0x00007ff823275000 	/usr/lib/libfakelink.dylib
0x00007ff81cf1f000 	/System/Library/Frameworks/CFNetwork.framework/Versions/A/CFNetwork
0x00007ff8233b6000 	/usr/lib/libarchive.2.dylib
0x00007ff821b49000 	/System/Library/PrivateFrameworks/AppleSystemInfo.framework/Versions/A/AppleSystemInfo
0x00007ff8228b0000 	/usr/lib/libbsm.0.dylib
0x00007ff81c52e000 	/usr/lib/libnetwork.dylib
0x00007ff82320e000 	/usr/lib/system/libkxld.dylib
0x00007ff8224e3000 	/System/Library/PrivateFrameworks/IOMobileFramebuffer.framework/Versions/A/IOMobileFramebuffer
0x00007ffb30c16000 	/usr/lib/libCoreEntitlements.dylib
0x00007ff822f22000 	/System/Library/PrivateFrameworks/AppleFSCompression.framework/Versions/A/AppleFSCompression
0x00007ff822898000 	/usr/lib/libcoretls.dylib
0x00007ff8239e1000 	/usr/lib/libcoretls_cfhelpers.dylib
0x00007ff8234f7000 	/usr/lib/libpam.2.dylib
0x00007ff81e881000 	/usr/lib/libsqlite3.dylib
0x00007ff823a50000 	/usr/lib/libxar.1.dylib
0x00007ff822f32000 	/usr/lib/libbz2.1.0.dylib
0x00007ff82327a000 	/usr/lib/libpcap.A.dylib
0x00007ff81ec5a000 	/usr/lib/libdns_services.dylib
0x00007ff8234c7000 	/usr/lib/libapple_nghttp2.dylib
0x00007ff8232b4000 	/usr/lib/libiconv.2.dylib
0x00007ff823207000 	/usr/lib/libcharset.1.dylib
0x00007ff81fbb9000 	/System/Library/Frameworks/CoreServices.framework/Versions/A/Frameworks/FSEvents.framework/Versions/A/FSEvents
0x00007ff81aabb000 	/System/Library/Frameworks/CoreServices.framework/Versions/A/Frameworks/CarbonCore.framework/Versions/A/CarbonCore
0x00007ff81eea3000 	/System/Library/Frameworks/CoreServices.framework/Versions/A/Frameworks/Metadata.framework/Versions/A/Metadata
0x00007ff822f45000 	/System/Library/Frameworks/CoreServices.framework/Versions/A/Frameworks/OSServices.framework/Versions/A/OSServices
0x00007ff82343c000 	/System/Library/Frameworks/CoreServices.framework/Versions/A/Frameworks/SearchKit.framework/Versions/A/SearchKit
0x00007ff81ebec000 	/System/Library/Frameworks/CoreServices.framework/Versions/A/Frameworks/AE.framework/Versions/A/AE
0x00007ff8189be000 	/System/Library/Frameworks/CoreServices.framework/Versions/A/Frameworks/LaunchServices.framework/Versions/A/LaunchServices
0x00007ff823978000 	/System/Library/Frameworks/CoreServices.framework/Versions/A/Frameworks/DictionaryServices.framework/Versions/A/DictionaryServices
0x00007ff81fbc6000 	/System/Library/Frameworks/CoreServices.framework/Versions/A/Frameworks/SharedFileList.framework/Versions/A/SharedFileList
0x00007ff82288c000 	/usr/lib/libCheckFix.dylib
0x00007ff81d42a000 	/System/Library/PrivateFrameworks/TCC.framework/Versions/A/TCC
0x00007ff821b4f000 	/System/Library/PrivateFrameworks/CoreNLP.framework/Versions/A/CoreNLP
0x00007ff81ee53000 	/System/Library/PrivateFrameworks/MetadataUtilities.framework/Versions/A/MetadataUtilities
0x00007ff8190fb000 	/usr/lib/libmecabra.dylib
0x00007ff8228c0000 	/usr/lib/libmecab.dylib
0x00007ff8190c6000 	/usr/lib/libCRFSuite.dylib
0x00007ff82291a000 	/usr/lib/libgermantok.dylib
0x00007ff8234a2000 	/usr/lib/libThaiTokenizer.dylib
0x00007ff81ef46000 	/System/Library/Frameworks/Accelerate.framework/Versions/A/Frameworks/vImage.framework/Versions/A/vImage
0x00007ff8295e9000 	/System/Library/Frameworks/Accelerate.framework/Versions/A/Frameworks/vecLib.framework/Versions/A/vecLib
0x00007ff823a91000 	/System/Library/Frameworks/Accelerate.framework/Versions/A/Frameworks/vecLib.framework/Versions/A/libvMisc.dylib
0x00007ff82230e000 	/System/Library/Frameworks/Accelerate.framework/Versions/A/Frameworks/vecLib.framework/Versions/A/libvDSP.dylib
0x00007ff818d3a000 	/System/Library/Frameworks/Accelerate.framework/Versions/A/Frameworks/vecLib.framework/Versions/A/libBLAS.dylib
0x00007ff8235da000 	/System/Library/Frameworks/Accelerate.framework/Versions/A/Frameworks/vecLib.framework/Versions/A/libLAPACK.dylib
0x00007ff82291d000 	/System/Library/Frameworks/Accelerate.framework/Versions/A/Frameworks/vecLib.framework/Versions/A/libLinearAlgebra.dylib
0x00007ff8234df000 	/System/Library/Frameworks/Accelerate.framework/Versions/A/Frameworks/vecLib.framework/Versions/A/libSparseBLAS.dylib
0x00007ff8235d4000 	/System/Library/Frameworks/Accelerate.framework/Versions/A/Frameworks/vecLib.framework/Versions/A/libQuadrature.dylib
0x00007ff821c3a000 	/System/Library/Frameworks/Accelerate.framework/Versions/A/Frameworks/vecLib.framework/Versions/A/libBNNS.dylib
0x00007ff818fd4000 	/System/Library/Frameworks/Accelerate.framework/Versions/A/Frameworks/vecLib.framework/Versions/A/libSparse.dylib
0x00007ff821c33000 	/System/Library/PrivateFrameworks/LinguisticData.framework/Versions/A/LinguisticData
0x00007ff818f8a000 	/System/Library/PrivateFrameworks/Lexicon.framework/Versions/A/Lexicon
0x00007ff823a8a000 	/usr/lib/libChineseTokenizer.dylib
0x00007ff8196f5000 	/System/Library/PrivateFrameworks/LanguageModeling.framework/Versions/A/LanguageModeling
0x00007ff8234a4000 	/System/Library/PrivateFrameworks/AppleSauce.framework/Versions/A/AppleSauce
0x00007ff8224d1000 	/System/Library/PrivateFrameworks/CoreEmoji.framework/Versions/A/CoreEmoji
0x00007ff8233a5000 	/usr/lib/libcmph.dylib
0x00007ff81fb9d000 	/System/Library/Frameworks/OpenDirectory.framework/Versions/A/Frameworks/CFOpenDirectory.framework/Versions/A/CFOpenDirectory
0x00007ff81fb91000 	/System/Library/Frameworks/OpenDirectory.framework/Versions/A/OpenDirectory
0x00007ff8239e3000 	/System/Library/PrivateFrameworks/APFS.framework/Versions/A/APFS
0x00007ff8227e7000 	/System/Library/Frameworks/SecurityFoundation.framework/Versions/A/SecurityFoundation
0x00007ff823a5e000 	/usr/lib/libutil.dylib
0x00007ff81ade5000 	/System/Library/PrivateFrameworks/CoreServicesStore.framework/Versions/A/CoreServicesStore
0x00007ff823a62000 	/usr/lib/libxslt.1.dylib
0x00007ff822874000 	/System/Library/PrivateFrameworks/BackgroundTaskManagement.framework/Versions/A/BackgroundTaskManagement
0x00007ff824ed3000 	/System/Library/Frameworks/ImageIO.framework/Versions/A/Resources/libRadiance.dylib
0x00007ff824edc000 	/System/Library/Frameworks/ImageIO.framework/Versions/A/Resources/libJPEG.dylib
0x00007ff824e2b000 	/System/Library/Frameworks/ImageIO.framework/Versions/A/Resources/libPng.dylib
0x00007ff824e4c000 	/System/Library/Frameworks/ImageIO.framework/Versions/A/Resources/libTIFF.dylib
0x00007ff824f3c000 	/System/Library/Frameworks/ImageIO.framework/Versions/A/Resources/libGIF.dylib
0x00007ff824765000 	/System/Library/Frameworks/ImageIO.framework/Versions/A/Resources/libJP2.dylib
0x00007ff823ea0000 	/usr/lib/libexpat.1.dylib
0x00007ff82471a000 	/System/Library/PrivateFrameworks/AppleJPEG.framework/Versions/A/AppleJPEG
0x00007ff821083000 	/System/Library/PrivateFrameworks/FontServices.framework/libFontParser.dylib
0x00007ff81eb96000 	/System/Library/PrivateFrameworks/RunningBoardServices.framework/Versions/A/RunningBoardServices
0x00007ff82f8b7000 	/System/Library/PrivateFrameworks/IOSurfaceAccelerator.framework/Versions/A/IOSurfaceAccelerator
0x00007ff824848000 	/System/Library/PrivateFrameworks/WatchdogClient.framework/Versions/A/WatchdogClient
0x00007ff8197e3000 	/System/Library/Frameworks/CoreDisplay.framework/Versions/A/CoreDisplay
0x00007ff820f81000 	/System/Library/Frameworks/CoreMedia.framework/Versions/A/CoreMedia
0x00007ff820e15000 	/System/Library/PrivateFrameworks/IOAccelerator.framework/Versions/A/IOAccelerator
0x00007ff81fd1a000 	/System/Library/Frameworks/CoreVideo.framework/Versions/A/CoreVideo
0x00007ff8234f5000 	/System/Library/Frameworks/MetalPerformanceShaders.framework/Versions/A/MetalPerformanceShaders
0x00007ff824885000 	/System/Library/Frameworks/VideoToolbox.framework/Versions/A/VideoToolbox
0x00007ff81eae0000 	/System/Library/PrivateFrameworks/BaseBoard.framework/Versions/A/BaseBoard
0x00007ff81e867000 	/System/Library/PrivateFrameworks/ProtocolBuffer.framework/Versions/A/ProtocolBuffer
0x00007ff824ecc000 	/System/Library/PrivateFrameworks/GPUWrangler.framework/Versions/A/GPUWrangler
0x00007ff824eb0000 	/System/Library/PrivateFrameworks/IOPresentment.framework/Versions/A/IOPresentment
0x00007ff824ed6000 	/System/Library/PrivateFrameworks/DSExternalDisplay.framework/Versions/A/DSExternalDisplay
0x00007ffa31254000 	/System/Library/Frameworks/OpenGL.framework/Versions/A/Libraries/libCoreFSCache.dylib
0x00007ffb1e329000 	/System/Library/PrivateFrameworks/GPUCompiler.framework/Versions/31001/Libraries/libGPUCompilerUtils.dylib
0x00007ff824f41000 	/System/Library/PrivateFrameworks/CMCaptureCore.framework/Versions/A/CMCaptureCore
0x00007ff824449000 	/System/Library/PrivateFrameworks/AppServerSupport.framework/Versions/A/AppServerSupport
0x00007ff82670f000 	/System/Library/PrivateFrameworks/perfdata.framework/Versions/A/perfdata
0x00007ff81990f000 	/System/Library/PrivateFrameworks/AudioToolboxCore.framework/Versions/A/AudioToolboxCore
0x00007ff820f5f000 	/System/Library/PrivateFrameworks/caulk.framework/Versions/A/caulk
0x00007ff826021000 	/usr/lib/libAudioStatistics.dylib
0x00007ff91dd13000 	/System/Library/PrivateFrameworks/SystemPolicy.framework/Versions/A/SystemPolicy
0x00007ff82627c000 	/usr/lib/libSMC.dylib
0x00007ff82f1af000 	/System/Library/Frameworks/CoreMIDI.framework/Versions/A/CoreMIDI
0x00007ff824dfa000 	/usr/lib/libAudioToolboxUtility.dylib
0x00007ff919f37000 	/System/Library/PrivateFrameworks/OSAServicesClient.framework/Versions/A/OSAServicesClient
0x00007ff82671c000 	/usr/lib/libperfcheck.dylib
0x00007ff91e7c4000 	/usr/lib/libmis.dylib
0x00007ffa312af000 	/System/Library/Frameworks/OpenGL.framework/Versions/A/Libraries/libGLU.dylib
0x00007ffa31273000 	/System/Library/Frameworks/OpenGL.framework/Versions/A/Libraries/libGFXShared.dylib
0x00007ffa3147c000 	/System/Library/Frameworks/OpenGL.framework/Versions/A/Libraries/libGL.dylib
0x00007ffa3127c000 	/System/Library/Frameworks/OpenGL.framework/Versions/A/Libraries/libGLImage.dylib
0x00007ffa31270000 	/System/Library/Frameworks/OpenGL.framework/Versions/A/Libraries/libCVMSPluginSupport.dylib
0x00007ffa3125b000 	/System/Library/Frameworks/OpenGL.framework/Versions/A/Libraries/libCoreVMClient.dylib
0x00007ff821acb000 	/System/Library/Frameworks/MetalPerformanceShaders.framework/Versions/A/Frameworks/MPSCore.framework/Versions/A/MPSCore
0x00007ff822e8d000 	/System/Library/Frameworks/MetalPerformanceShaders.framework/Versions/A/Frameworks/MPSImage.framework/Versions/A/MPSImage
0x00007ff822933000 	/System/Library/Frameworks/MetalPerformanceShaders.framework/Versions/A/Frameworks/MPSNeuralNetwork.framework/Versions/A/MPSNeuralNetwork
0x00007ff822da7000 	/System/Library/Frameworks/MetalPerformanceShaders.framework/Versions/A/Frameworks/MPSMatrix.framework/Versions/A/MPSMatrix
0x00007ff822b62000 	/System/Library/Frameworks/MetalPerformanceShaders.framework/Versions/A/Frameworks/MPSRayIntersector.framework/Versions/A/MPSRayIntersector
0x00007ff822ddf000 	/System/Library/Frameworks/MetalPerformanceShaders.framework/Versions/A/Frameworks/MPSNDArray.framework/Versions/A/MPSNDArray
0x00007ffa36d34000 	/System/Library/Frameworks/MetalPerformanceShaders.framework/Versions/A/Frameworks/MPSFunctions.framework/Versions/A/MPSFunctions
0x00007ff818c16000 	/System/Library/PrivateFrameworks/MetalTools.framework/Versions/A/MetalTools
0x00007ff821b47000 	/System/Library/PrivateFrameworks/AggregateDictionary.framework/Versions/A/AggregateDictionary
0x00007ff823c82000 	/usr/lib/libIOReport.dylib
0x00007ffa3288b000 	/System/Library/Frameworks/OpenCL.framework/Versions/A/OpenCL
0x00007ff823fe7000 	/System/Library/PrivateFrameworks/FaceCore.framework/Versions/A/FaceCore
0x00007ff823fd8000 	/System/Library/PrivateFrameworks/GraphVisualizer.framework/Versions/A/GraphVisualizer
0x00007ffb1e234000 	/System/Library/PrivateFrameworks/FontServices.framework/Versions/A/FontServices
0x00007ff824401000 	/System/Library/PrivateFrameworks/OTSVG.framework/Versions/A/OTSVG
0x00007ff81f900000 	/System/Library/Frameworks/ApplicationServices.framework/Versions/A/Frameworks/ATS.framework/Versions/A/Resources/libFontRegistry.dylib
0x00007ff824451000 	/System/Library/PrivateFrameworks/FontServices.framework/libhvf.dylib
0x00007ffb1e235000 	/System/Library/PrivateFrameworks/FontServices.framework/libXTFontStaticRegistryData.dylib
0x00007ff823e50000 	/System/Library/PrivateFrameworks/AppleVA.framework/Versions/A/AppleVA
0x00007ff826041000 	/System/Library/Frameworks/ApplicationServices.framework/Versions/A/Frameworks/ATS.framework/Versions/A/ATS
0x00007ff81dfac000 	/System/Library/Frameworks/ApplicationServices.framework/Versions/A/Frameworks/HIServices.framework/Versions/A/HIServices
0x00007ff824f4b000 	/System/Library/Frameworks/ApplicationServices.framework/Versions/A/Frameworks/PrintCore.framework/Versions/A/PrintCore
0x00007ff8263cf000 	/System/Library/Frameworks/ApplicationServices.framework/Versions/A/Frameworks/QD.framework/Versions/A/QD
0x00007ff8263c7000 	/System/Library/Frameworks/ApplicationServices.framework/Versions/A/Frameworks/ColorSyncLegacy.framework/Versions/A/ColorSyncLegacy
0x00007ff826031000 	/System/Library/Frameworks/ApplicationServices.framework/Versions/A/Frameworks/SpeechSynthesis.framework/Versions/A/SpeechSynthesis
0x00007ff824f0c000 	/System/Library/Frameworks/ApplicationServices.framework/Versions/A/Frameworks/ATSUI.framework/Versions/A/ATSUI
0x00007ff82635c000 	/usr/lib/libcups.2.dylib
0x00007ff82672b000 	/System/Library/Frameworks/Kerberos.framework/Versions/A/Kerberos
0x00007ff82673a000 	/System/Library/Frameworks/GSS.framework/Versions/A/GSS
0x00007ff8260ad000 	/usr/lib/libresolv.9.dylib
0x00007ff824460000 	/System/Library/PrivateFrameworks/Heimdal.framework/Versions/A/Heimdal
0x00007ff82d332000 	/System/Library/Frameworks/Kerberos.framework/Versions/A/Libraries/libHeimdalProxy.dylib
0x00007ff81ec6a000 	/System/Library/Frameworks/Network.framework/Versions/A/Network
0x00007ff823ebb000 	/usr/lib/libheimdal-asn1.dylib
0x00007ff826785000 	/System/Library/PrivateFrameworks/CommonAuth.framework/Versions/A/CommonAuth
0x00007ff825fb3000 	/System/Library/PrivateFrameworks/AudioSession.framework/Versions/A/AudioSession
0x00007ff823f4b000 	/System/Library/PrivateFrameworks/MediaExperience.framework/Versions/A/MediaExperience
0x00007ff825e45000 	/System/Library/PrivateFrameworks/AudioSession.framework/libSessionUtility.dylib
0x00007ff8263db000 	/System/Library/PrivateFrameworks/AudioResourceArbitration.framework/Versions/A/AudioResourceArbitration
0x00007ff82a45c000 	/System/Library/PrivateFrameworks/PowerLog.framework/Versions/A/PowerLog
0x00007ff823ec4000 	/System/Library/PrivateFrameworks/IconFoundation.framework/Versions/A/IconFoundation
0x00007ff829212000 	/System/Library/PrivateFrameworks/SpeechRecognitionCore.framework/Versions/A/SpeechRecognitionCore
0x000000010d02b000 	/Applications/IntelliJ IDEA.app/Contents/jbr/Contents/Home/lib/server/libjvm.dylib
0x000000010befe000 	/Applications/IntelliJ IDEA.app/Contents/jbr/Contents/Home/lib/libjimage.dylib
0x000000010bf52000 	/Applications/IntelliJ IDEA.app/Contents/jbr/Contents/Home/lib/libjdwp.dylib
0x000000010bf96000 	/Applications/IntelliJ IDEA.app/Contents/jbr/Contents/Home/lib/libjava.dylib
0x000000010bf21000 	/Applications/IntelliJ IDEA.app/Contents/jbr/Contents/Home/lib/libinstrument.dylib
0x000000010bf35000 	/Applications/IntelliJ IDEA.app/Contents/jbr/Contents/Home/lib/libzip.dylib
0x000000010c8f9000 	/Applications/IntelliJ IDEA.app/Contents/jbr/Contents/Home/lib/libdt_socket.dylib
0x000000010c925000 	/Applications/IntelliJ IDEA.app/Contents/jbr/Contents/Home/lib/libnio.dylib
0x000000010c95f000 	/Applications/IntelliJ IDEA.app/Contents/jbr/Contents/Home/lib/libnet.dylib
0x000000010c941000 	/Applications/IntelliJ IDEA.app/Contents/jbr/Contents/Home/lib/libmanagement.dylib
0x000000010c97f000 	/Applications/IntelliJ IDEA.app/Contents/jbr/Contents/Home/lib/libmanagement_ext.dylib
0x000000010c909000 	/Applications/IntelliJ IDEA.app/Contents/jbr/Contents/Home/lib/libextnet.dylib


VM Arguments:
jvm_args: -agentlib:jdwp=transport=dt_socket,address=127.0.0.1:49178,suspend=y,server=n -XX:TieredStopAtLevel=1 -Dspring.output.ansi.enabled=always -Dcom.sun.management.jmxremote -Dspring.jmx.enabled=true -Dspring.liveBeansView.mbeanDomain -Dspring.application.admin.enabled=true -Dmanagement.endpoints.jmx.exposure.include=* -javaagent:/Users/ousmane/Library/Caches/JetBrains/IntelliJIdea2024.1/captureAgent/debugger-agent.jar=file:/private/var/folders/t4/764zh9jd50g21c2kwrdgp27m0000gn/T/capture.props -Dfile.encoding=UTF-8 
java_command: org.etutoria.customer.CustomerApplication
java_class_path (initial): /Users/ousmane/Documents/demo/ecommerce-microservices/customer/target/classes:/Users/ousmane/.m2/repository/org/springframework/boot/spring-boot-starter-data-mongodb/3.2.6/spring-boot-starter-data-mongodb-3.2.6.jar:/Users/ousmane/.m2/repository/org/springframework/boot/spring-boot-starter/3.2.6/spring-boot-starter-3.2.6.jar:/Users/ousmane/.m2/repository/org/springframework/boot/spring-boot/3.2.6/spring-boot-3.2.6.jar:/Users/ousmane/.m2/repository/org/springframework/boot/spring-boot-autoconfigure/3.2.6/spring-boot-autoconfigure-3.2.6.jar:/Users/ousmane/.m2/repository/org/springframework/boot/spring-boot-starter-logging/3.2.6/spring-boot-starter-logging-3.2.6.jar:/Users/ousmane/.m2/repository/ch/qos/logback/logback-classic/1.4.14/logback-classic-1.4.14.jar:/Users/ousmane/.m2/repository/ch/qos/logback/logback-core/1.4.14/logback-core-1.4.14.jar:/Users/ousmane/.m2/repository/org/apache/logging/log4j/log4j-to-slf4j/2.21.1/log4j-to-slf4j-2.21.1.jar:/Users/ousmane/.m2/repository/org/apache/logging/log4j/log4j-api/2.21.1/log4j-api-2.21.1.jar:/Users/ousmane/.m2/repository/org/slf4j/jul-to-slf4j/2.0.13/jul-to-slf4j-2.0.13.jar:/Users/ousmane/.m2/repository/jakarta/annotation/jakarta.annotation-api/2.1.1/jakarta.annotation-api-2.1.1.jar:/Users/ousmane/.m2/repository/org/yaml/snakeyaml/2.2/snakeyaml-2.2.jar:/Users/ousmane/.m2/repository/org/mongodb/mongodb-driver-sync/4.11.2/mongodb-driver-sync-4.11.2.jar:/Users/ousmane/.m2/repository/org/mongodb/bson/4.11.2/bson-4.11.2.jar:/Users/ousmane/.m2/repository/org/mongodb/mongodb-driver-core/4.11.2/mongodb-driver-core-4.11.2.jar:/Users/ousmane/.m2/repository/org/mongodb/bson-record-codec/4.11.2/bson-record-codec-4.11.2.jar:/Users/ousmane/.m2/repository/org/springframework/data/spring-data-mongodb/4.2.6/spring-data-mongodb-4.2.6.jar:/Users/ousmane/.m2/repository/org/springframework/spring-tx/6.1.8/spring-tx-6.1.8.jar:/Users/ousmane/.m2/repository/org/springframework/spring-context/6.1.8/spring-context-6.1.8
Launcher Type: SUN_STANDARD

[Global flags]
     intx CICompilerCount                          = 4                                         {product} {ergonomic}
     uint ConcGCThreads                            = 2                                         {product} {ergonomic}
     uint G1ConcRefinementThreads                  = 8                                         {product} {ergonomic}
   size_t G1HeapRegionSize                         = 2097152                                   {product} {ergonomic}
    uintx GCDrainStackTargetSize                   = 64                                        {product} {ergonomic}
   size_t InitialHeapSize                          = 268435456                                 {product} {ergonomic}
     bool ManagementServer                         = true                                      {product} {command line}
   size_t MarkStackSize                            = 4194304                                   {product} {ergonomic}
   size_t MaxHeapSize                              = 4294967296                                {product} {ergonomic}
   size_t MaxNewSize                               = 2575302656                                {product} {ergonomic}
   size_t MinHeapDeltaBytes                        = 2097152                                   {product} {ergonomic}
   size_t MinHeapSize                              = 8388608                                   {product} {ergonomic}
    uintx NonProfiledCodeHeapSize                  = 0                                      {pd product} {ergonomic}
     bool ProfileInterpreter                       = false                                  {pd product} {command line}
    uintx ProfiledCodeHeapSize                     = 0                                      {pd product} {ergonomic}
   size_t SoftMaxHeapSize                          = 4294967296                             {manageable} {ergonomic}
     intx TieredStopAtLevel                        = 1                                         {product} {command line}
     bool UseCompressedClassPointers               = true                           {product lp64_product} {ergonomic}
     bool UseCompressedOops                        = true                           {product lp64_product} {ergonomic}
     bool UseG1GC                                  = true                                      {product} {ergonomic}
     bool UseNUMA                                  = false                                     {product} {ergonomic}
     bool UseNUMAInterleaving                      = false                                     {product} {ergonomic}

Logging:
Log output configuration:
 #0: stdout all=warning uptime,level,tags
 #1: stderr all=off uptime,level,tags

Environment Variables:
PATH=/Users/ousmane/.rbenv/shims:/Users/ousmane/.rbenv/bin:/Applications/flutter/bin:/opt/anaconda3/bin:/opt/anaconda3/condabin:/usr/local/bin:/usr/bin:/bin:/usr/sbin:/sbin:/Applications/VMware Fusion.app/Contents/Public:/Library/Apple/usr/bin
SHELL=/bin/zsh
LC_CTYPE=en_GB.UTF-8
TMPDIR=/var/folders/t4/764zh9jd50g21c2kwrdgp27m0000gn/T/

Active Locale:
LC_ALL=C/en_GB.UTF-8/C/C/C/C
LC_COLLATE=C
LC_CTYPE=en_GB.UTF-8
LC_MESSAGES=C
LC_MONETARY=C
LC_NUMERIC=C
LC_TIME=C

Signal Handlers:
   SIGSEGV: crash_handler in libjvm.dylib, mask=11100110000111110111111111111111, flags=SA_RESTART|SA_SIGINFO, unblocked
    SIGBUS: crash_handler in libjvm.dylib, mask=11100110000111110111111111111111, flags=SA_RESTART|SA_SIGINFO, unblocked
    SIGFPE: crash_handler in libjvm.dylib, mask=11100110000111110111111111111111, flags=SA_RESTART|SA_SIGINFO, unblocked
   SIGPIPE: javaSignalHandler in libjvm.dylib, mask=11100110000111110111111111111111, flags=SA_RESTART|SA_SIGINFO, blocked
   SIGXFSZ: javaSignalHandler in libjvm.dylib, mask=11100110000111110111111111111111, flags=SA_RESTART|SA_SIGINFO, blocked
    SIGILL: crash_handler in libjvm.dylib, mask=11100110000111110111111111111111, flags=SA_RESTART|SA_SIGINFO, unblocked
   SIGUSR2: SR_handler in libjvm.dylib, mask=00100000000000000000000000000000, flags=SA_RESTART|SA_SIGINFO, blocked
    SIGHUP: UserHandler in libjvm.dylib, mask=11100110000111110111111111111111, flags=SA_RESTART|SA_SIGINFO, blocked
    SIGINT: UserHandler in libjvm.dylib, mask=11100110000111110111111111111111, flags=SA_RESTART|SA_SIGINFO, blocked
   SIGTERM: UserHandler in libjvm.dylib, mask=11100110000111110111111111111111, flags=SA_RESTART|SA_SIGINFO, blocked
   SIGQUIT: UserHandler in libjvm.dylib, mask=11100110000111110111111111111111, flags=SA_RESTART|SA_SIGINFO, blocked
   SIGTRAP: crash_handler in libjvm.dylib, mask=11100110000111110111111111111111, flags=SA_RESTART|SA_SIGINFO, unblocked


Periodic native trim disabled

JNI global refs:
JNI global refs: 50, weak refs: 4179

JNI global refs memory usage: 2923, weak refs: 42873

Process memory usage:
Resident Set Size: 115188K (0% of 16777216K total physical memory with 179512K free physical memory)

OOME stack traces (most recent first):
Classloader memory used:
Loader bootstrap                                                                       : 2133K
Loader jdk.internal.loader.ClassLoaders$AppClassLoader                                 : 1403K
Loader jdk.internal.reflect.DelegatingClassLoader                                      : 8921B
Loader jdk.internal.loader.ClassLoaders$PlatformClassLoader                            : 4361B


---------------  S Y S T E M  ---------------

OS:
uname: Darwin 21.6.0 Darwin Kernel Version 21.6.0: Wed Apr 24 06:02:02 PDT 2024; root:xnu-8020.240.18.708.4~1/RELEASE_X86_64 x86_64
OS uptime: 0 days 8:27 hours
rlimit (soft/hard): STACK 8192k/65532k , CORE 0k/infinity , NPROC 2784/4176 , NOFILE 10240/infinity , AS infinity/infinity , CPU infinity/infinity , DATA infinity/infinity , FSIZE infinity/infinity , MEMLOCK infinity/infinity , RSS infinity/infinity
load average: 10.24 4.80 4.21

CPU: total 8 (initial active 8) (4 cores per cpu, 2 threads per core) family 6 model 94 stepping 3 microcode 0xf0, cx8, cmov, fxsr, ht, mmx, 3dnowpref, sse, sse2, sse3, ssse3, sse4.1, sse4.2, popcnt, lzcnt, tsc, tscinvbit, avx, avx2, aes, erms, clmul, bmi1, bmi2, rtm, adx, fma, vzeroupper, clflush, clflushopt
machdep.cpu.brand_string:Intel(R) Core(TM) i7-6820HQ CPU @ 2.70GHz
hw.cpufrequency:2700000000
hw.cpufrequency_min:2700000000
hw.cpufrequency_max:2700000000
hw.cachelinesize:64
hw.l1icachesize:32768
hw.l1dcachesize:32768
hw.l2cachesize:262144
hw.l3cachesize:8388608

Memory: 4k page, physical 16777216k(179512k free), swap 3145728k(1075456k free)

vm_info: OpenJDK 64-Bit Server VM (17.0.11+1-b1207.24) for bsd-amd64 JRE (17.0.11+1-b1207.24), built on 2024-05-15 by "builduser" with clang Apple LLVM 13.0.0 (clang-1300.0.29.3)

END.
